# callgrind format
version: 1
creator: callgrind-3.13.0
pid: 7355
cmd:  ./sad.exe ../../testing/frame1.bmp ../../testing/frame2.bmp
part: 1


desc: I1 cache: 
desc: D1 cache: 
desc: LL cache: 

desc: Timerange: Basic block 0 - 41830139
desc: Trigger: Program termination

positions: line
events: Ir
summary: 246642408


ob=(5) /mnt/c/Users/Mooncake/Workspace/SENG440/MotionEstimation/sad2/1/sad.exe
fl=(88) ???
fn=(584) 0x00000000000008a0
0 8

fn=(476) print_bmp_header
0 64
cob=(3) /lib/x86_64-linux-gnu/libc-2.27.so
cfi=(118) /build/glibc-OTsEL5/glibc-2.27/stdio-common/printf.c
cfn=(480) printf
calls=2 28 
0 17062
0 2
0 8

fn=(552) get_block
0 795718
cob=(3)
cfi=(127) /build/glibc-OTsEL5/glibc-2.27/string/../sysdeps/x86_64/multiarch/memset-vec-unaligned-erms.S
cfn=(544) __memset_avx2_unaligned_erms
calls=36169 158 
0 397859
0 36169
0 7052955

fn=(554) calculate_sad
0 31975862

fn=(570) 0x0000000000000930
0 8
cob=(2) ???
cfi=(18) ???
cfn=(576) 0x0000000000108860
calls=1 0 
0 75
0 1
cfn=(584)
calls=1 0 
0 8
0 3

fn=(340) 0x0000000000000970
0 17

fn=(352) main
0 27
cob=(3)
cfi=(94) /build/glibc-OTsEL5/glibc-2.27/libio/iofopen.c
cfn=(356) fopen@@GLIBC_2.2.5
calls=1 88 
0 63710
0 1
0 5
cob=(3)
cfi=(94)
cfn=(356)
calls=1 88 
0 560
0 1
0 11
cob=(3)
cfi=(109) /build/glibc-OTsEL5/glibc-2.27/libio/iofread.c
cfn=(418) fread
calls=1 31 
0 591
0 1
0 6
cob=(3)
cfi=(109)
cfn=(418)
calls=1 31 
0 591
0 1
0 11
cfn=(452) get_width_height
calls=1 0 
0 592
0 5
cfn=(452)
calls=1 0 
0 592
0 5
cfn=(476)
calls=1 0 
0 9345
0 5
cfn=(476)
calls=1 0 
0 7791
0 133
cob=(3)
cfi=(115) /build/glibc-OTsEL5/glibc-2.27/libio/fseek.c
cfn=(456) fseek
calls=1 32 
0 199
0 1
0 7
cob=(3)
cfi=(115)
cfn=(456)
calls=1 32 
0 199
0 1
0 3147778
cob=(3)
cfi=(124) /build/glibc-OTsEL5/glibc-2.27/libio/getc.c
cfn=(514) getc
calls=1048576 34 
0 13934592
0 1048576
0 4194304
cob=(3)
cfi=(124)
cfn=(514)
calls=1048576 34 
0 13934592
0 1048576
0 4194304
cob=(3)
cfi=(124)
cfn=(514)
calls=1048576 34 
0 13934592
0 1048576
0 7340032
cfn=(516) get_luminance
calls=1048576 0 
0 27262976
0 11534336
cob=(3)
cfi=(124)
cfn=(514)
calls=1048576 34 
0 13934592
0 1048576
0 4194304
cob=(3)
cfi=(124)
cfn=(514)
calls=1048576 34 
0 13934592
0 1048576
0 4194304
cob=(3)
cfi=(124)
cfn=(514)
calls=1048576 34 
0 13934592
0 1048576
0 7340032
cfn=(516)
calls=1048576 0 
0 27262976
0 12590086
cob=(3)
cfi=(125) /build/glibc-OTsEL5/glibc-2.27/libio/iofclose.c
cfn=(524) fclose@@GLIBC_2.2.5
calls=1 34 
0 467
0 1
0 3
cob=(3)
cfi=(125)
cfn=(524)
calls=1 34 
0 459
0 1
0 5
cob=(3)
cfi=(127)
cfn=(544)
calls=1 158 
0 11
0 1
0 5
cob=(3)
cfi=(127)
cfn=(544)
calls=1 158 
0 11
0 1
0 3
cob=(3)
cfi=(94)
cfn=(356)
calls=1 88 
0 385
0 1
0 7
cob=(3)
cfi=(128) /build/glibc-OTsEL5/glibc-2.27/libio/iofwrite.c
cfn=(548) fwrite
calls=1 31 
0 400
0 1
0 6
cob=(3)
cfi=(128)
cfn=(548)
calls=1 31 
0 135
0 1
0 196866
cfn=(552)
calls=16384 0 
0 3751936
0 147456
cfn=(552)
calls=16384 0 
0 3751936
0 81920
cfn=(554)
calls=16384 0 
0 26448927
0 207020
cfn=(552)
calls=548 0 
0 125492
0 2740
cfn=(554)
calls=548 0 
0 889717
0 46687
cfn=(552)
calls=435 0 
0 99615
0 2175
cfn=(554)
calls=435 0 
0 707237
0 43664
cfn=(552)
calls=408 0 
0 93432
0 2040
cfn=(554)
calls=408 0 
0 662450
0 45074
cfn=(552)
calls=402 0 
0 92058
0 2010
cfn=(554)
calls=402 0 
0 653990
0 42944
cfn=(552)
calls=402 0 
0 92058
0 2010
cfn=(554)
calls=402 0 
0 654105
0 43730
cfn=(552)
calls=402 0 
0 92058
0 2010
cfn=(554)
calls=402 0 
0 653548
0 42050
cfn=(552)
calls=402 0 
0 92058
0 2010
cfn=(554)
calls=402 0 
0 652894
0 42956
cfn=(552)
calls=402 0 
0 92058
0 2010
cfn=(554)
calls=402 0 
0 652994
0 72971
cob=(3)
cfi=(118)
cfn=(480)
calls=411 28 
0 1029878
0 411
0 7809
cob=(3)
cfi=(129) /build/glibc-OTsEL5/glibc-2.27/stdio-common/fprintf.c
cfn=(558) fprintf
calls=411 27 
0 882794
0 411
0 66849
cob=(3)
cfi=(125)
cfn=(524)
calls=1 34 
0 576
0 1
0 13

fn=(452)
0 78
cob=(3)
cfi=(115)
cfn=(456)
calls=2 32 
0 472
0 2
0 12
cob=(3)
cfi=(109)
cfn=(418)
calls=2 31 
0 230
0 2
0 388

fn=(326) _start
0 11
cob=(3)
cfi=(89) /build/glibc-OTsEL5/glibc-2.27/csu/../csu/libc-start.c
cfn=(328) (below main)
calls=1 137 
0 246519780

fn=(334) __libc_csu_init
0 15
cob=(2)
cfi=(18)
cfn=(336) 0x0000000000108780
calls=1 0 
0 6
0 8
cfn=(340)
calls=1 0 
0 17
0 11

fn=(516)
0 54525952

ob=(1) /lib/x86_64-linux-gnu/ld-2.27.so
fl=(25) /build/glibc-OTsEL5/glibc-2.27/elf/dl-hwcaps.c
fn=(68) _dl_important_hwcaps
42 4
+1 1
-1 8
+1 4
-1 1
+1 1
cfi=(9) /build/glibc-OTsEL5/glibc-2.27/elf/dl-tunables.c
cfn=(26) __tunable_get_val
calls=1 373 
* 18
* 1
+3 3
-3 1
+12 6
+1 3
+1 1
-2 1
+2 1
-2 5
+1 3
+1 1
-2 1
+2 1
-2 5
+10 3
fi=(26) /build/glibc-OTsEL5/glibc-2.27/elf/../sysdeps/unix/sysv/linux/not-errno.h
-37 4
fe=(25)
131 4
-2 1
+17 6
+3 2
329 9
69 3
+77 1
+20 1
-19 1
+36 10
+1 3
-1 2
+1 3
fi=(27) /build/glibc-OTsEL5/glibc-2.27/elf/../sysdeps/x86/dl-hwcap.h
57 6
fe=(25)
186 1
+1 1
cfi=(13) /build/glibc-OTsEL5/glibc-2.27/string/../sysdeps/x86_64/multiarch/../strlen.S
cfn=(28) strlen
calls=1 79 
* 16
+1 1
-1 1
+1 3
-5 1
+5 1
-5 1
+5 2
-5 5
+8 3
+2 1
+1 6
+4 1
+4 1
-3 1
-1 1
+4 2
+3 4
+4 3
+1 1
-1 5
+1 3
+2 3
+2 2
-1 1
+1 1
-1 1
+2 2
+7 2
+6 11
+1 4
cfi=(19) /build/glibc-OTsEL5/glibc-2.27/elf/dl-minimal.c
cfn=(46) malloc
calls=1 50 
* 18
* 1
+1 1
-1 1
+1 3
+29 13
+3 4
+7 1
+10 12
-4 2
-3 1
+3 1
cfi=(20) /build/glibc-OTsEL5/glibc-2.27/string/../sysdeps/x86_64/multiarch/memmove-vec-unaligned-erms.S
cfn=(74) mempcpy
calls=1 116 
* 16
* 2
-3 1
+3 1
cfi=(20)
cfn=(74)
calls=1 116 
* 16
* 6
+3 7
+1 12
+1 4
cfi=(20)
cfn=(74)
calls=1 116 
* 14
-2 1
+2 2
-2 1
+5 6
cfi=(20)
cfn=(74)
calls=2 116 
* 28
+2 2
-2 4
+2 5
-7 3
+12 1
+1 2
-1 9
+1 14
-1 18
+5 10
+4 3
-4 12
+4 33
+1 12
-1 12
+1 24
-2 12
+1 24
-1 39
+4 6
+5 1
-2 1
+2 1
-1 1
-1 2
+2 1
-1 1
+1 4
+2 6
+1 2
+3 2
-6 5
+13 8
+1 1
-1 2
+3 2
-3 3
+1 3
-1 6
+3 6
+3 3
+2 2
-15 2
-6 3
-42 2

fl=(46) /build/glibc-OTsEL5/glibc-2.27/io/../sysdeps/unix/sysv/linux/close.c
fn=(142) close
27 12
+1 3

fl=(33) /build/glibc-OTsEL5/glibc-2.27/string/../sysdeps/x86_64/strcspn.S
fn=(100) strcspn
30 1
+7 1
+1 1
+2 1
+1 1
+1 1
+1 1
+1 33
+3 2
+7 1
+1 1
+1 1
+1 1
+2 1
+1 1
+1 1
+1 1
+2 1
+1 1
+1 1
+9 3
+12 1
+2 1
+1 1
+1 1
-4 11
+2 11
+1 11
+1 11
+2 12
+1 12
+1 12
+2 12
+1 12
+1 12
+2 12
+1 12
+1 12
+2 1
+1 1
+1 1
+2 1
+7 1
+4 1

fl=(47) /build/glibc-OTsEL5/glibc-2.27/io/../sysdeps/unix/sysv/linux/access.c
fn=(144) access
27 7
+4 1

fl=(29) /build/glibc-OTsEL5/glibc-2.27/string/../sysdeps/x86_64/multiarch/../strchr.S
fn=(84) index
24 6
+1 6
+1 6
+1 6
+1 6
+1 6
+1 6
+1 6
+1 6
+1 6
+1 6
+1 6
+1 6
+1 6
+1 6
+1 6
+1 6
+1 4
+4 4
+1 4
+1 4
+1 4
+2 4
+4 2
+1 2
+1 2
+1 2
+1 2
+1 2
+1 2
+1 2
+1 2
+1 2
+1 2
+1 2
+1 2
+1 2
+1 2
+1 2
+1 2
+1 2
+1 2
+1 2
+1 2
+1 2
+1 2
+1 2
+52 2
+4 2
+1 2
+1 2
+1 2
+2 2

fl=(21) /build/glibc-OTsEL5/glibc-2.27/string/../sysdeps/x86_64/strcmp.S
fn=(56) strcmp
144 253
+1 253
+2 253
+1 253
+21 253
+1 253
+1 159
+1 159
+1 80
+1 80
+1 80
+1 80
+21 80
+1 80
+1 80
+1 80
+1 80
+1 80
+1 80
+5 6
+1 6
+9 6
+1 6
+1 6
+1 6
+1 6
+1 6
+1 6
+1 6
-7 173
+1 173
+1 173
+1 173
+1 173
+1 173
+1 173
+1 173
+1 114
+1 96
+1 96
+1 96
+2 96
+1 96
+1 96
+1 96
+1 96
+1 96
-5 18
+1 18
+1 18
+1 18
+1 18
+1 18
+10 65
+1 65
+1 65
+2 65
+6 65
+1 65
+1 65
+1 65
+1 65
+5 65
+2 63
+1 63
+1 126
+8 63
+1 63
+3 63
+1 63
+1 63
+1 63
+1 63
+1 63
946 2
+1 2
+1 2
+1 2
+1 2
+2 2
+1 2
+1 2
+1 2
+1 2
+1 2
+1 2
+1 1
+4 1
+1 1
+1 1
+6 1
+1 1
+1 2
+4 1
+1 1
+3 1
+1 1
+1 1
+3 1
+1 1
+1 1
+6 1
+1 1
+1 1
+1 1
+1 1
+1 1
+72 4
+1 4
+1 4
+1 4
+1 4
+2 4
+1 4
+1 4
+1 4
+1 4
+1 4
+1 4
+1 1
+4 1
+1 1
+1 1
+6 1
+1 1
+1 2
+4 1
+1 1
+3 1
+1 1
+1 1
+3 1
+1 1
+1 1
+6 1
+1 1
+1 1
+1 1
+1 1
+1 1
+72 3
+1 3
+1 3
+1 3
+1 3
+2 3
+1 3
+1 3
+1 3
+1 3
+1 3
+1 3
+1 1
+4 1
+1 1
+1 1
+6 1
+1 1
+1 2
+4 1
+1 1
+3 1
+1 1
+1 1
+3 1
+1 1
+1 1
+6 1
+1 1
+1 1
+1 1
+1 1
+1 1
+72 5
+1 5
+1 5
+1 5
+1 5
+2 5
+1 5
+1 5
+1 5
+1 5
+1 5
+1 5
+1 1
+4 1
+1 1
+1 1
+6 1
+1 1
+1 2
+4 1
+1 1
+3 1
+1 1
+1 1
+3 1
+1 1
+1 1
+6 1
+1 1
+1 1
+1 1
+1 1
+1 1
+72 1
+1 1
+1 1
+1 1
+1 1
+2 1
+1 1
+1 1
+1 1
+1 1
+1 1
+1 1
+1 1
+4 1
+1 1
+1 1
+6 1
+1 1
+1 2
+4 1
+1 1
+3 1
+1 1
+1 1
+3 1
+1 1
+1 1
+6 1
+1 1
+1 1
+1 1
+1 1
+1 1
+72 2
+1 2
+1 2
+1 2
+1 2
+2 2
+1 2
+1 2
+1 2
+1 2
+1 2
+1 2
1696 3
+1 3
+1 3
+1 3
+1 3
+2 3
+1 3
+1 3
+1 3
+1 3
+1 3
+1 3
+1 3
+4 3
+1 3
+1 3
+6 3
+1 3
+1 6
+4 3
+1 3
+3 3
+1 3
+1 3
+3 3
+1 3
+1 3
+6 3
+1 3
+1 3
+1 3
+1 3
+1 3
+7 1
+1 1
+2 1
+1 1
+2 1
+1 1
+1 1
+3 1
+1 1
+1 1
+6 1
+1 1
+1 1
+1 1
+1 1
+1 1
+41 5
+1 5
+1 5
+1 5
+1 5
+2 5
+1 5
+1 5
+1 5
+1 5
+1 5
+1 5
+1 5
+4 5
+1 5
+1 5
+6 5
+1 5
+1 10
+4 5
+1 5
+3 5
+1 5
+1 5
+3 5
+1 5
+1 5
+6 5
+1 5
+1 5
+1 5
+1 5
+1 5
+72 6
+1 6
+1 6
+1 6
+1 6
+2 6
+1 6
+1 6
+1 6
+1 6
+1 6
+1 6
+1 2
+4 2
+1 2
+1 2
+6 2
+1 2
+1 4
+4 2
+1 2
+3 2
+1 2
+1 2
+3 2
+1 2
+1 2
+6 2
+1 2
+1 2
+1 2
+1 2
+1 2
+72 83
+1 83
+1 83
+1 83
+1 83
+2 83
+1 83
+1 83
+1 83
+1 83
+1 83
+1 83
+2 17
+4 17
+1 17
+1 17
+6 17
+1 17
+2 34
+4 17
+1 17
+3 17
+1 17
+1 17
+3 17
+1 17
+1 17
+6 17
+1 17
+1 17
+1 17
+1 17
+1 17
+74 95
+2 95
+1 95
+1 95
+1 95
-3 84
+1 84
+1 84
+1 84
+1 288
+5 96
+6 96
+1 96
+8 96
+1 96
-16 157
+6 157
+1 157
+8 157
+1 157

fl=(13)
fn=(28)
79 14
+1 14
+1 14
+1 14
+1 14
+1 14
+1 14
+2 14
+2 14
+31 14
+1 14
+1 14
+1 14
+1 14
+1 8
+2 8
+4 6
+1 6
+1 6
+1 6
+1 6
+1 6
+1 6
+1 6
+1 6
+1 6
+1 6
+1 6
+5 48

fl=(6) /build/glibc-OTsEL5/glibc-2.27/elf/dl-lookup.c
fn=(10) _dl_setup_hash
939 12
+4 4
+4 8
+2 4
-1 4
+3 12
+1 4
+1 4
+3 4
-3 4
+7 4
-4 4
-1 4
+3 4
+2 4
-7 4
+7 4
+1 4

fn=(188) _dl_lookup_symbol_x
790 1020
555 102
790 408
555 306
-1 204
+2 102
-1 102
+1 306
-1 306
+1 1274
-1 1274
+1 3822
-1 3924
793 102
-1 102
+4 102
+4 102
-8 102
+1 102
+7 390
+5 306
+6 306
-7 1122
+15 32
-8 48
+2 1326
cfn=(190) do_lookup_x
calls=102 338 
* 39341
+3 494
+25 204
+24 658
+31 94
+9 376
+14 282
+3 376
+5 94
+2 934
-86 48
+17 8
+1 16
+59 2

fn=(190)
338 714
+1 102
-1 612
+6 204
+12 102
+30 102
-41 102
+41 102
+35 204
-65 510
+14 954
+8 636
+1 954
+3 318
+1 636
+4 636
+3 636
-5 318
+5 954
+3 2226
-99 224
540 1588
+1 135
cfi=(36) /build/glibc-OTsEL5/glibc-2.27/elf/dl-misc.c
cfn=(116) _dl_name_match_p
calls=45 282 
* 4779
* 180
+3 675
349 638
+3 638
+4 644
+4 636
+4 636
fi=(55) /build/glibc-OTsEL5/glibc-2.27/elf/../sysdeps/generic/ldsodefs.h
102 282
fe=(6)
503 188
+3 700
-60 10
+64 39
+12 564
+2 94
+24 816
-1 16
397 297
-1 198
+2 198
+2 99
90 297
375 99
90 99
374 99
90 99
400 198
90 198
413 318
-10 1000
+2 376
+2 188
-1 282
78 658
+12 470
+3 338
cfi=(21)
cfn=(56)
calls=30 +51 
* 1411
* 90
+5 94
-1 94
+1 94
+2 186
+19 93
+1 837
452 940
148 2
+2 5
+30 35
-59 465
cfi=(21)
cfn=(56)
calls=93 +23 
* 4515
* 465

fl=(11) /build/glibc-OTsEL5/glibc-2.27/elf/../sysdeps/unix/sysv/linux/dl-sysdep.c
fn=(62) _dl_discover_osversion
45 4
+2 3
+85 5
-45 3
cfi=(23) /build/glibc-OTsEL5/glibc-2.27/posix/../sysdeps/unix/syscall-template.S
cfn=(64) uname
calls=1 -9 
* 5
* 1
+15 1
-15 1
+20 1
-1 1
+3 12
+4 3
-2 6
+2 9
+7 3
-1 3
+4 3
-2 3
+2 10
+5 2

fl=(14) /build/glibc-OTsEL5/glibc-2.27/elf/../misc/sbrk.c
fn=(30) sbrk
32 4
+8 6
+4 2
+16 5

fl=(28) /build/glibc-OTsEL5/glibc-2.27/string/../sysdeps/x86_64/multiarch/memset-vec-unaligned-erms.S
fn=(76) memset
109 65
+2 13
+1 13
+1 6
+1 6
+2 4
+1 4
+2 4
+55 2
+1 2
+10 2
+1 2
+1 2
+1 2
+1 2
+1 2
+1 2
+1 2
+1 2
+1 2
+1 2
+1 2
+1 2
+1 2
+2 31
+1 31
+1 31
+1 31
+1 31
+1 31
+1 31
+1 2
+15 7
+1 7
+1 7
+1 6
+1 6
+1 2
+1 2
+24 1
+1 1
+2 1
+3 4
+1 4
+2 4
+3 2
+1 2
+2 2

fl=(36)
fn=(156) _dl_sysdep_read_whole_file
44 2
+3 1
-3 3
+3 1
-3 3
+3 1
cfi=(37) /build/glibc-OTsEL5/glibc-2.27/io/../sysdeps/unix/sysv/linux/wordsize-64/lxstat.c
cfn=(120) open
calls=1 -8 
* 16
+1 2
+2 5
cfi=(41) /build/glibc-OTsEL5/glibc-2.27/io/../sysdeps/unix/sysv/linux/wordsize-64/fxstat.c
cfn=(130) _fxstat
calls=1 -16 
* 10
* 2
+2 1
+3 1
-3 1
+3 1
+13 2
cfi=(46)
cfn=(142)
calls=1 -41 
* 5
+3 7
-14 6
cfi=(42) /build/glibc-OTsEL5/glibc-2.27/misc/../sysdeps/unix/sysv/linux/mmap64.c
cfn=(132) mmap
calls=1 -13 
* 35
* 2

fn=(116)
282 295
+1 118
cfi=(21)
cfn=(56)
calls=59 144 
* 2332
* 59
+1 59
-1 59
+3 59
+2 118
+6 56
+1 280
-3 60
-4 120
+1 189
cfi=(21)
cfn=(56)
calls=63 144 
* 2517
* 126
+6 3
-11 3
+11 12

fl=(19)
fn=(42) calloc
92 8
+8 8
-1 16
-3 8
+4 16
+3 8
cfn=(46)
calls=8 -53 
* 210
* 8

fn=(46)
50 87
+11 42
+3 21
-3 21
+3 42
-3 2
+3 1
-3 1
+3 86
-15 3
+20 4
+1 2
+2 1
+1 8
cfi=(42)
cfn=(132)
calls=1 -29 
* 35
+2 2
+2 3
+2 1
+3 1
-3 2
+4 1
+2 5
-2 21
-1 21
+3 42
-29 1
-1 1
+1 1
+1 2
-2 2

fn=(80) strsep
265 4
+2 2
+1 4
+4 33
+7 84
-2 56
+13 1
+4 2
-7 14
-15 44

fn=(90) free
111 4

fl=(42)
fn=(132)
44 14
+3 7
-6 84
+6 7
+5 70
+2 49
-7 12

fl=(35) /build/glibc-OTsEL5/glibc-2.27/setjmp/../sysdeps/x86_64/setjmp.S
fn=(110) __sigsetjmp
26 3
+9 3
+1 6
+1 3
+4 3
+1 3
+1 3
+1 3
+1 3
+2 6
+2 3
+1 3
+1 3
+2 6
+2 3
+4 3
+1 3

fl=(44) /build/glibc-OTsEL5/glibc-2.27/misc/../sysdeps/unix/syscall-template.S
fn=(136) mprotect
78 24
+1 6

fn=(286) munmap
78 4
+1 1

fl=(48) /build/glibc-OTsEL5/glibc-2.27/elf/dl-deps.c
fn=(148) openaux
60 4
+7 2
-4 6
+1 2
-1 2
+1 2
-1 10
cfi=(24) /build/glibc-OTsEL5/glibc-2.27/elf/dl-load.c
cfn=(114) _dl_map_object
calls=2 2080 
* 5582
* 2
+5 4

fn=(146) _dl_map_object_deps
159 1
-1 1
+1 1
-1 5
+1 1
-1 2
+1 1
-1 2
+1 1
-1 1
+1 1
-8 1
+8 2
-8 1
-6 1
+14 1
-8 1
+24 1
-32 1
+1 1
+1 1
+6 1
+24 2
-28 2
-2 1
+31 1
-33 3
+2 2
-1 1
+1 2
+6 3
+24 1
-24 1
+24 7
+4 1
+19 1
+2 2
-14 1
-1 1
+13 5
+11 1
+4 4
-4 3
+4 12
+12 12
+2 2
+8 2
-8 2
+6 2
-6 2
+6 2
+1 2
+4 2
-3 2
-3 2
+2 2
+4 8
+66 2
-98 2
+98 2
-66 4
+7 10
cfi=(29)
cfn=(84)
calls=2 24 
* 70
* 4
+4 6
-2 2
+2 2
cfi=(34) /build/glibc-OTsEL5/glibc-2.27/elf/dl-error-skeleton.c
cfn=(108) _dl_catch_exception
calls=2 -74 
* 5718
* 2
+1 4
+9 2
+2 4
+5 2
+6 2
+2 2
-8 4
+3 2
+1 2
+1 2
+1 2
+4 10
+4 4
+1 3
-43 204
+1 102
+44 147
434 4
+2 6
+3 4
-1 2
cfi=(19)
cfn=(46)
calls=2 50 
* 36
* 2
+2 2
-2 2
+2 2
+3 2
+1 8
-1 2
+1 2
cfi=(20)
cfn=(48) memcpy
calls=2 129 
* 20
+1 10
cfi=(20)
cfn=(48)
calls=2 129 
* 20
+4 2
-1 2
+5 28
+7 6
+4 4
+11 3
-1 1
cfi=(19)
cfn=(46)
calls=1 50 
* 18
* 1
+3 1
-3 1
+3 4
+5 1
+1 1
-1 1
+3 2
-3 4
+9 2
+4 3
-10 3
-3 3
+9 6
+4 9
-10 9
+13 2
+51 2
+2 1
-1 1
+1 2
+35 7
cfi=(20)
cfn=(48)
calls=1 129 
* 10
+4 5
cfi=(52) /build/glibc-OTsEL5/glibc-2.27/elf/dl-sort-maps.c
cfn=(164) _dl_sort_maps
calls=1 28 
* 232
+3 1
+3 1
-1 1
+2 4
+7 3
+3 2
+3 8
225 8
-19 2
434 5
+27 2
214 25
+2 2
+2 8
+2 26
456 9
-1 4
+1 10
199 3
573 6

fl=(1) ???
fn=(0) 0x0000000000001090
0 2
cfi=(2) /build/glibc-OTsEL5/glibc-2.27/elf/rtld.c
cfn=(2) _dl_start
calls=1 444 
0 120419
0 14
cfi=(78) /build/glibc-OTsEL5/glibc-2.27/elf/dl-init.c
cfn=(290) _dl_init
calls=1 79 
0 2179
0 3
cob=(5)
cfi=(88)
cfn=(326)
calls=1 0 
0 246519791

fl=(12) /build/glibc-OTsEL5/glibc-2.27/elf/../sysdeps/unix/sysv/linux/x86_64/brk.c
fn=(22) brk
31 7
+8 1
-6 2
+7 1

fl=(34)
fn=(104) _dl_catch_error
213 6
+2 2
-2 1
+2 2
cfn=(108)
calls=1 -40 
* 2178
* 1
+1 2
+1 1
+1 1
-1 1
+1 1
+2 5

fn=(108)
175 6
+15 3
-3 6
+4 3
-3 3
-13 3
+19 3
-3 3
+3 3
-19 3
+13 3
+2 3
+4 3
cfi=(35)
cfn=(110)
calls=3 26 
* 60
* 9
+2 9
cfi=(48)
cfn=(148)
calls=2 60 
* 5616
cfi=(2)
cfn=(112) map_doit
calls=1 588 
* 2127
+2 3
-1 3
+1 6
-1 3
+1 3
+9 12

fn=(166) _dl_receive_error
226 3
+1 1
+1 1
+3 1
+1 1
+2 2
cfi=(2)
cfn=(168) version_check_doit
calls=1 621 
* 2758
+2 1
+1 1
+1 4

fl=(7) /build/glibc-OTsEL5/glibc-2.27/elf/../elf/dl-sysdep.c
fn=(12) _dl_sysdep_start
88 8
+25 1
-1 1
+1 124
+6 1
-3 1
+1 1
-4 1
+3 1
+3 4
+1 2
-1 12
-29 1
-1 10
+30 2
+1 105
+3 1
-4 70
+62 1
-62 1
+63 1
-1 1
-62 3
+34 1
-34 2
+35 1
-35 2
+46 1
-46 1
+47 1
-1 1
-46 3
+40 1
-40 1
+41 1
-1 1
-40 3
+37 1
-37 2
+38 1
-38 3
+13 1
-13 2
+14 1
-14 2
+10 1
-10 2
+11 1
-11 2
+7 1
-7 4
224 1
cfi=(9)
cfn=(16) __GI___tunables_init
calls=1 +65 
* 14207
fi=(11)
35 2
cfi=(12)
cfn=(22)
calls=1 -4 
* 11
fi=(8) /build/glibc-OTsEL5/glibc-2.27/elf/../sysdeps/x86/cpu-features.c
196 1
-12 1
+1 1
+11 1
+3 1
-3 1
+3 5
366 3
+1 1
+3 2
+1 1
+6 1
+5 2
-3 1
+3 1
-4 1
+4 1
cfi=(9)
cfn=(26)
calls=1 -9 
* 16
+2 4
cfi=(9)
cfn=(26)
calls=1 -11 
* 18
* 1
+2 3
-2 1
+2 1
cfi=(9)
cfn=(26)
calls=1 -13 
* 18
* 1
+2 3
-2 1
+2 1
cfi=(9)
cfn=(26)
calls=1 -15 
* 18
+12 1
-12 1
+11 1
-11 1
+12 1
fe=(7)
236 1
cfi=(13)
cfn=(28)
calls=1 79 
* 16
* 1
+2 2
cfi=(14)
cfn=(30)
calls=1 32 
* 17
* 3
+12 3
+3 5
cfi=(2)
cfn=(32) dl_main
calls=1 870 
* 104452
+1 1
+1 8
fi=(8)
404 3
+28 2
-9 3
+2 4
+3 4
+1 2
205 6
cfn=(24) get_common_indeces.constprop.1
calls=1 34 
* 87
+3 3
+97 4
+7 4
203 1
312 4
210 5
+1 7
+85 3
-79 2
fe=(7)

fn=(282) _dl_sysdep_start_cleanup
260 1

fl=(20)
fn=(74)
116 26
+1 26
+1 26
+13 26
+1 26
+1 4
+1 4
+5 3
+1 3
+1 3
+1 3
+5 3
267 22
+1 22
+1 8
+1 8
+1 3
+1 3
+1 1
+4 1
+22 14
+1 14
+1 14
+1 14
+1 14
+3 5
+1 5
+1 5
+1 5
+1 5
+3 2
+1 2
+1 2
+1 2
+1 2
+10 1
+1 1
+1 1
+1 1
+22 1
+1 1
+1 1
+1 1
+1 1
+1 1
+1 1
+1 1
+2 1

fn=(48)
129 15
+2 15
+1 15
+1 8
+1 8
+5 5
+1 5
+1 5
+1 5
+5 5
267 7
+1 7
+1 1
+1 1
+1 1
+1 1
+1 1
+1 1
+1 1
+2 1
+22 6
+1 6
+1 6
+1 6
+1 6
+24 3
+1 3
+1 3
+1 3
+22 3
+1 3
+1 3
+1 3
+1 3
+1 3
+1 3
+1 3
+2 3

fl=(53) /build/glibc-OTsEL5/glibc-2.27/elf/dl-version.c
fn=(170) _dl_check_all_versions
362 5
+2 1
-2 3
+4 3
+2 24
cfn=(172) _dl_check_map_versions
calls=4 156 
* 2677
-2 4
+2 16
-2 8
+5 7

fn=(172)
156 28
+15 12
+2 20
+2 4
+1 4
+2 4
-3 4
+1 4
+2 4
+3 6
-16 2
-8 4
+28 2
-4 2
+4 4
+16 2
37 4
201 2
37 10
+1 5
-1 10
+2 21
cfi=(36)
cfn=(116)
calls=7 282 
* 794
* 14
209 6
+5 2
-71 6
+71 4
-71 6
+79 2
-2 2
-2 4
+4 2
-4 14
+4 2
-2 2
-2 4
+4 2
-4 24
57 6
+8 6
-8 6
+8 6
+6 12
+16 4
+1 8
+2 4
+5 24
+14 36
+12 42
+4 14
-30 28
225 16
+3 12
+5 2
-11 2
111 4
+3 16
cfi=(21)
cfn=(56)
calls=4 +30 
* 196
* 20
237 8
+14 6
+3 8
+3 12
+3 8
+4 2
-7 8
+3 6
+4 30
-7 120
+3 92
+8 9
+89 36
-83 12
cfi=(19)
cfn=(42)
calls=3 92 
* 81
* 3
+1 3
-2 3
+2 3
+13 3
+2 3
-5 3
+3 3
+2 3
-2 3
+2 3
+3 8
+4 6
+18 2
-15 6
+2 6
-2 6
+2 6
+2 4
+1 4
-1 8
+1 4
-1 4
+1 4
+1 4
-2 4
+2 8
+1 12
+3 12
+8 6
+10 9
+3 8
+4 32
+6 32
+1 32
+1 32
-1 96
+1 32
-1 32
+1 32
+1 32
+3 96
+4 32
-14 68
+10 6
-96 2
-86 2
-8 2
+94 3

fl=(41)
fn=(130)
34 3
-1 3
+1 3
+1 18
+4 3

fl=(9)
fn=(16)
289 8
-9 3
150 4
-82 119
+6 38
-3 38
+3 2941
+4 76
+5 38
297 38
83 38
297 38
fi=(10) /build/glibc-OTsEL5/glibc-2.27/elf/dl-tunables.h
121 76
-1 15
+1 6
-1 8
+1 32
-1 40
fe=(9)
330 152
-12 4180
fi=(10)
120 1368
+1 1419
-1 66
fe=(9)
312 3382
68 76
364 8

fn=(26)
373 102
+4 17
-4 66
+9 3
+1 3
-6 14
+22 85
+2 17

fl=(52)
fn=(164)
28 16
+2 2
-2 2
+2 2
+92 10
-88 10
+1 4
-1 2
-1 2
+1 8
+1 2
cfi=(28)
cfn=(76)
calls=2 +74 
* 30
* 32
+4 4
+3 2
-3 4
+1 6
+2 2
-7 4
+4 8
+3 4
-3 8
+1 12
+2 4
+12 36
+2 12
+1 8
-1 6
+1 6
+2 18
+1 12
+58 24
cfi=(28)
cfn=(76)
calls=4 -9 
* 64
* 16
-28 24
-36 12
+61 28
-25 9
-44 12
+69 2
+7 16

fl=(24)
fn=(66) _dl_init_paths
623 1
+13 2
-13 8
+13 3
cfi=(25)
cfn=(68)
calls=1 42 
* 711
+5 1
-5 1
+5 1
cfi=(19)
cfn=(46)
calls=1 50 
* 18
* 1
+1 1
-2 1
+2 2
+8 1
-1 1
+1 4
-1 3
+4 4
cfi=(19)
cfn=(46)
calls=1 50 
* 18
* 1
+2 1
-2 2
+2 1
+7 1
+10 1
-11 1
+12 1
+3 1
+1 1
-5 1
+3 1
+1 1
-1 1
+9 1
-20 1
+17 1
+3 1
-3 17
cfi=(28)
cfn=(76)
calls=4 109 
* 48
+3 27
-12 3
-2 3
+10 3
-7 3
-1 3
+4 3
-1 3
+1 3
+1 3
+3 3
+1 3
-4 3
+4 3
+14 1
-11 1
+6 1
+1 1
+5 2
+2 4
+2 3
+38 5
-19 1
-2 2
+2 2
+21 3
cfi=(13)
cfn=(28)
calls=1 79 
* 16
* 8
cfi=(20)
cfn=(48)
calls=1 129 
* 10
* 1
+5 4
-1 2
+2 56
-1 57
+5 1
cfi=(19)
cfn=(46)
calls=1 50 
* 18
* 1
+1 1
-2 1
+2 1
+6 7
cfn=(78) fillin_rpath
calls=1 389 
* 584
+3 3
+6 1
+4 8
-37 2

fn=(78)
389 7
+2 1
-2 9
+4 3
cfi=(19)
cfn=(80)
calls=1 265 
* 238
* 3
cfi=(19)
cfn=(80)
calls=1 265 
* 6
* 6
+7 2
+2 3
cfn=(82) expand_dynamic_string_token
calls=1 -82 
* 104
+4 1
-4 1
+4 1
+5 2
cfi=(13)
cfn=(28)
calls=1 79 
* 16
+1 2
+7 6
+9 17
+1 8
+57 2
cob=(2)
cfi=(18)
cfn=(88) 0x0000000004000f00
calls=1 0 
* 5
* 1
-39 2
+4 7
-1 1
cfi=(19)
cfn=(46)
calls=1 50 
* 18
* 1
+3 3
+5 1
+1 2
-2 2
+2 1
cfi=(20)
cfn=(74)
calls=1 116 
* 12
+3 1
-2 1
-1 1
+1 1
+2 1
+6 4
+1 17
+1 1
-1 3
+1 1
-1 14
+1 8
-1 1
+1 1
-1 3
+1 1
-1 2
+4 1
-1 1
+1 1
-1 1
+1 1
+8 1
-1 1
+4 3
-37 2
-28 1
+5 4
+66 1
+3 9
-15 2

fn=(82)
320 12
+10 4
-10 2
+10 2
cfi=(29)
cfn=(84)
calls=2 24 
* 70
* 4
+15 2
-11 2
+11 8
-11 2
cfi=(30) /build/glibc-OTsEL5/glibc-2.27/string/strdup.c
cfn=(86) strdup
calls=2 40 
* 150

fn=(150) open_path
1932 8
+1 1
+6 1
-6 1
+6 1
+5 11
-7 1
-1 1
+8 7
+3 3
+9 4
+7 3
+1 1
-13 3
+12 1
cfi=(20)
cfn=(74)
calls=1 116 
* 12
* 1
+55 2
-22 6
-32 2
+32 24
-32 16
+3 16
+4 48
cfi=(20)
cfn=(74)
calls=8 116 
* 101
* 32
cfi=(20)
cfn=(74)
calls=8 116 
* 96
+3 16
+3 24
+3 72
cfn=(118) open_verify.constprop.7
calls=8 1598 
* 440
* 8
+2 40
+2 16
+89 9
-24 7
+7 1
-2 1
+2 3
+3 3
-13 2
-57 16
+1 64
+6 16
+2 16
-2 16
+2 16
cfi=(49) /build/glibc-OTsEL5/glibc-2.27/io/../sysdeps/unix/sysv/linux/wordsize-64/xstat.c
cfn=(152) _xstat
calls=8 34 
* 101
* 8
+3 8
-3 8
+1 1
+2 1
-2 1
+2 7
-37 2
+37 7
-37 14

fn=(118)
1598 110
+39 10
-39 30
+39 38
+31 40
cfi=(37)
cfn=(120)
calls=10 39 
* 184
+2 10
-2 10
+2 12
+10 2
+1 4
+5 12
cfi=(39) /build/glibc-OTsEL5/glibc-2.27/io/../sysdeps/unix/sysv/linux/read.c
cfn=(124) read
calls=2 27 
* 10
+2 4
+2 2
+2 2
-2 2
+2 2
+6 4
+16 32
+74 4
+5 4
+2 8
+6 4
+11 4
+6 2
+1 2
+1 2
-2 6
+1 6
+21 82
+2 38
+13 6
+3 8
+1 2
+12 12
-3 18
+15 2
+3 1
+1 3
+1 1
-1 1
-1 1
+3 3
+1 3
1650 8
1918 90
1714 2
1871 12
+3 2
-4 2
+4 4
+5 1
+1 2
-55 2

fn=(114)
2080 21
+8 3
-8 6
+8 3
+1 12
+3 42
+5 49
+2 21
cfi=(36)
cfn=(116)
calls=7 282 
* 892
* 14
+4 12
+1 18
+3 2
+1 2
+1 2
-1 2
+1 2
cfi=(21)
cfn=(56)
calls=2 144 
* 59
* 4
2391 27
2125 6
+10 6
-53 2
+89 4
-2 2
+2 2
cfi=(29)
cfn=(84)
calls=2 24 
* 46
* 4
2322 5
cfn=(82)
calls=1 320 
* 154
* 1
-2 1
+3 5
+4 9
cfn=(118)
calls=1 1598 
* 208
+3 2
-3 1
+3 3
+12 3
+46 1
+1 3
-1 1
+1 9
cfn=(126) _dl_map_object_from_fd
calls=1 808 
* 1347
-1 1
+1 3
-1 1
+1 9
cfn=(126)
calls=1 808 
* 1694
* 6
2171 1
+4 2
cfi=(13)
cfn=(28)
calls=1 79 
* 16
* 1
+2 1
-2 1
+2 1
+7 4
+36 12
cfn=(150)
calls=1 1932 
* 1347
+6 2
-6 1
+6 3
601 3
2314 2
+28 4
+2 2
-95 1
-14 1
+14 1
+2 3
+4 2
cfi=(50) /build/glibc-OTsEL5/glibc-2.27/elf/dl-cache.c
cfn=(154) _dl_load_cache_lookup
calls=1 187 
* 1267
+2 1
-2 1
+2 1
+4 2
+8 3
+23 10
cfn=(118)
calls=1 1598 
* 220
+4 2
-4 1
+4 3
+1 2
-88 7
601 3
2219 2
+1 2
-32 1
+1 2
-1 3
+8 7
-3 3
601 3
+9 3
2208 3

fn=(126)
808 22
+10 2
-10 2
+10 2
-10 6
+10 2
cfi=(31) /build/glibc-OTsEL5/glibc-2.27/elf/dl-debug.c
cfn=(92) _dl_debug_initialize
calls=2 49 
* 16
fi=(40) /build/glibc-OTsEL5/glibc-2.27/elf/../sysdeps/posix/dl-fileid.h
37 6
fe=(24)
818 2
fi=(40)
37 2
cfi=(41)
cfn=(130)
calls=2 -3 
* 20
* 4
+4 2
fe=(24)
834 2
fi=(40)
40 2
+1 2
fe=(24)
834 27
+1 10
fi=(40)
49 13
fe=(24)
1346 18
852 4
+24 8
+10 4
+22 8
+32 4
819 2
943 14
cfi=(17) /build/glibc-OTsEL5/glibc-2.27/elf/dl-object.c
cfn=(38) _dl_new_object
calls=2 59 
* 758
+1 2
-1 2
+1 2
+11 4
+5 2
-5 2
+1 2
+5 2
-5 2
+1 2
+2 2
-2 2
+2 4
+1 6
+20 2
-2 2
+10 2
-8 12
+8 2
-8 6
+8 2
+97 2
982 2
-6 2
1085 2
981 2
-5 4
1085 6
-96 32
-1 102
+1 95
+6 4
+5 4
+1 8
+11 20
+5 32
+9 12
-1 12
+1 4
+1 8
+2 4
-2 4
+1 4
-1 4
+3 4
+4 4
-7 4
+3 4
-1 4
+5 4
+1 8
+5 4
-1 2
-14 2
+14 2
+1 12
+10 2
-10 4
-1 2
-14 2
+14 2
+1 12
+10 2
-44 2
+1 1
+46 3
+4 1
+1 1
+2 1
-1 1
-1 2
+1 1
+3 3
+1 1
+3 1
-3 1
+7 4
+6 1
cfi=(32) /build/glibc-OTsEL5/glibc-2.27/elf/../elf/dl-tls.c
cfn=(162) _dl_next_tls_modid
calls=1 51 
* 6
* 2
+1 1
+19 4
+1 4
+1 2
-6 4
+1 2
+8 8
956 2
1110 2
956 2
1110 2
+10 6
fi=(43) /build/glibc-OTsEL5/glibc-2.27/elf/./dl-map-segments.h
50 2
+6 2
fe=(24)
1120 8
fi=(43)
56 6
fe=(24)
1120 2
fi=(43)
50 2
fe=(24)
1120 4
fi=(43)
56 4
cfi=(42)
cfn=(132)
calls=2 -12 
* 74
+4 2
-4 2
+4 4
+3 4
+1 2
+2 2
-2 2
-1 2
+3 2
+14 4
fi=(45) /build/glibc-OTsEL5/glibc-2.27/elf/./dl-load.h
+10 8
+1 6
+2 8
fi=(43)
+11 16
+45 4
-59 20
+2 12
+2 16
cfi=(42)
cfn=(132)
calls=2 -50 
* 66
* 4
+16 2
+2 2
-2 2
+1 2
+2 2
-1 2
+1 2
-1 6
+8 4
+3 4
+8 14
cfi=(28)
cfn=(76)
calls=2 -22 
* 249
* 4
+6 4
+4 8
cfi=(42)
cfn=(132)
calls=1 -97 
* 33
+3 2
-71 20
cfi=(44)
cfn=(136)
calls=2 +5 
* 10
* 4
fi=(45)
+21 5
+2 1
-1 3
+1 1
-1 1
+1 2
-1 2
+3 4
fe=(24)
1132 8
+9 4
fi=(3) /build/glibc-OTsEL5/glibc-2.27/elf/get-dynamic-info.h
42 2
fe=(24)
1141 2
fi=(3)
42 2
+6 2
-2 2
+2 4
+15 2
+5 2
+3 2
-1 2
-3 2
-3 36
+10 8
-26 24
+16 35
+10 35
-26 105
+26 2
-26 6
+2 90
+13 40
+2 8
+16 4
+20 7
+1 8
+1 8
+1 8
+2 8
+5 8
+1 7
+1 8
+6 6
+5 4
+7 4
+1 6
+18 6
+5 1
+2 1
-2 1
+2 1
+2 2
+2 2
+3 6
+10 1
-8 4
+8 1
+5 2
+3 4
fe=(24)
1148 4
+15 6
+19 4
+2 10
+54 6
+1 2
+3 2
cfi=(46)
cfn=(142)
calls=1 27 
* 5
* 2
cfi=(46)
cfn=(142)
calls=1 27 
* 5
* 4
+9 4
+2 6
+2 2
-2 2
+2 2
+16 4
cfi=(6)
cfn=(10)
calls=2 939 
* 46
+4 4
+1 4
+17 4
+1 1
+8 1
-5 3
+5 2
-5 3
+5 1
+10 4
+10 6
cfi=(17)
cfn=(50) _dl_add_to_namespace_list
calls=2 31 
* 82
+4 6
fi=(3)
68 8
+3 8
+1 2
+1 8
fe=(24)
369 2

fl=(2)
fn=(54) rtld_lock_default_unlock_recursive
790 5
+1 5

fn=(174) init_tls
687 1
-6 1
+2 2
+4 1
+10 4
cfi=(19)
cfn=(42)
calls=1 92 
* 27
* 1
+11 1
-15 1
+3 1
+6 1
+2 1
-11 1
+15 1
+2 1
-1 1
+1 15
+2 8
+4 1
+2 1
-2 1
-5 8
+9 2
+3 1
cfi=(32)
cfn=(176) _dl_determine_tlsoffset
calls=1 141 
* 66
+7 1
cfi=(32)
cfn=(178) _dl_allocate_tls_storage
calls=1 332 
* 375
+1 1
-1 1
+1 1
+6 1
+3 1
-3 1
+3 6
+3 1
+2 1
+1 3

fn=(2)
444 9
+19 4
fi=(3)
48 1
fe=(2)
463 1
fi=(5) /build/glibc-OTsEL5/glibc-2.27/elf/../sysdeps/x86_64/dl-machine.h
59 3
fi=(3)
-11 1
fe=(2)
489 1
-3 1
fi=(3)
48 1
+25 2
-3 1
-7 1
+5 1
+3 1
+2 1
-6 1
+3 1
-3 2
-3 16
+10 4
-26 12
+16 13
+10 13
-26 39
+26 1
-26 3
+2 36
+13 20
+2 4
+16 2
+20 4
+1 4
+1 4
+1 4
+2 4
+5 4
+1 4
+1 4
+6 3
+5 2
+7 3
+1 3
+8 3
+3 3
+4 2
+1 2
fe=(2)
500 2
393 1
507 1
393 1
cfi=(6)
cfn=(10)
calls=1 939 
* 23
+1 2
+1 2
+1 2
+1 2
+8 1
+9 1
-9 3
+9 1
-6 1
-3 1
+9 1
cfi=(7)
cfn=(12)
calls=1 88 
* 119387
* 1
+9 4
+3 1
+4 1
-4 1
+4 1
532 9
-27 27
fi=(4) /build/glibc-OTsEL5/glibc-2.27/elf/do-rel.h
84 1
+27 1
-28 1
+28 2
+1 2
fi=(5)
540 2
fi=(4)
112 76
fi=(5)
540 76
+1 39
fi=(4)
111 39
fi=(5)
541 39
fi=(4)
111 39
fi=(5)
541 39
fi=(4)
111 39
+5 2
+8 1
fi=(5)
335 1
+87 1
fi=(4)
124 2
+12 1
+3 1
-3 1
+3 1
-3 1
fi=(5)
301 1
fi=(4)
137 1
fi=(5)
301 1
fi=(4)
137 1
fi=(5)
301 1
fi=(4)
136 8
+3 8
-3 8
+3 8
-3 8
fi=(5)
301 8
fi=(4)
137 8
fi=(5)
301 8
fi=(4)
137 8
fi=(5)
301 8
+9 27
+3 9
-3 18
+3 27
+22 54
fi=(3)
68 4
fi=(4)
+56 28
fi=(5)
354 27
fi=(3)
71 4
+1 1
+1 2
fe=(2)

fn=(98) handle_ld_preload
837 8
+1 1
-1 1
-75 1
+86 1
-86 4
+80 2
+3 3
cfi=(33)
cfn=(100)
calls=1 30 
* 218
* 1
+1 3
+9 1
121 1
857 2
121 2
859 2
-97 5
-10 1
+4 1
+1 1
+1 1
+2 1
+2 1
cfi=(34)
cfn=(104)
calls=1 213 
* 2201
* 1
+1 3
+8 4
+71 2
+21 9
-15 4
cfi=(20)
cfn=(48)
calls=1 129 
* 18
+1 2

fn=(52) rtld_lock_default_lock_recursive
784 5
+1 5

fn=(168)
621 2
+2 4
cfi=(53)
cfn=(170)
calls=1 362 
* 2748
* 2
+4 2

fn=(32)
870 1
+17 1
-17 10
+17 1
+4 1
-21 1
2471 1
891 1
+1 1
2466 1
892 1
+5 1
2471 1
897 1
2464 2
+7 3
-4 1
+4 3
+2 2
cfi=(15) /build/glibc-OTsEL5/glibc-2.27/elf/dl-environ.c
cfn=(34) _dl_next_ld_env_entry
calls=1 29 
* 40
* 4
cfi=(15)
cfn=(34)
calls=2 29 
* 220
* 9
+4 6
-2 2
+2 42
+1 19
-1 57
+3 4
+6 14
+76 3
+1 4
cfi=(16) /build/glibc-OTsEL5/glibc-2.27/string/../sysdeps/x86_64/memcmp.S
cfn=(36) bcmp
calls=1 24 
* 31
* 2
-56 2
+7 4
cfi=(16)
cfn=(36)
calls=1 24 
* 36
* 2
+2 3
2635 3
+32 3
907 3
1108 7
cfi=(17)
cfn=(38)
calls=1 59 
* 230
+2 1
-2 1
+2 1
+1 1
+1 1
+5 2
-5 1
+1 2
+4 1
cfi=(17)
cfn=(50)
calls=1 31 
* 33
+1 2
879 1
1147 1
-3 1
-5 1
+1 1
+2 1
+5 5
+56 2
876 1
1166 1
+22 1
+15 2
-55 24
-1 27
+1 47
1250 3
+3 2
+2 2
+2 3
+13 3
+3 2
-2 1
+2 1
-2 3
cfi=(21)
cfn=(56)
calls=1 144 
* 50
* 2
+7 1
+3 1
-5 1
+3 1
-3 1
+5 1
+1 2
+4 2
+2 2
fi=(3)
33 1
+9 2
+6 1
-2 1
+2 2
+15 1
+5 1
+3 1
+2 1
-3 1
-3 1
-3 1
-14 52
+13 24
+1 20
+10 5
-26 15
+16 20
+10 20
-26 60
+26 1
-26 3
+33 3
+20 3
+1 4
+1 4
+1 4
+2 4
+5 4
+1 4
+1 4
+6 3
+5 2
+7 2
+1 3
+18 3
+5 1
+2 1
-2 1
+2 1
+2 2
+2 2
+1 1
+2 3
+10 1
-8 3
+8 1
+5 2
+1 2
+2 2
fe=(2)
1293 2
cfi=(6)
cfn=(10)
calls=1 939 
* 23
+3 2
fi=(22) /build/glibc-OTsEL5/glibc-2.27/elf/setup-vdso.h
24 2
fe=(2)
1318 1
cfi=(11)
cfn=(62)
calls=1 45 
* 79
* 9
-6 5
1167 2
+9 1
-7 1
-3 1
+10 1
+18 2
-37 3
+1 1
-6 3
+1 1
fi=(3)
65 4
+3 4
fe=(2)
1203 2
-1 2
+1 4
-1 2
+2 4
+1 1
+3 2
+1 2
-1 2
+1 2
+1 2
+1 6
+1 2
+31 2
+1 2
+1 1
-6 2
+1 1
fi=(3)
71 4
+1 1
+1 3
fe=(2)
1323 2
cfi=(24)
cfn=(66)
calls=1 623 
* 1740
+3 3
cfi=(31)
cfn=(92)
calls=1 49 
* 17
+7 1
-7 1
+2 1
+5 1
+3 3
+1 1
+3 1
-3 3
+1 2
+3 1
+5 1
-7 1
+7 1
+1 5
+17 2
+1 2
+5 1
-3 3
+2 1
+1 2
+5 2
+1 5
-1 2
+3 2
+1 2
+5 2
+6 4
+1 1
-2 1
885 1
1391 1
1570 1
cfi=(32)
cfn=(94) _dl_count_modids
calls=1 113 
* 4
* 1
+8 3
+3 2
+4 3
+5 2
+1 1
cfi=(31)
cfn=(96) _dl_debug_state
calls=1 74 
* 1
+1 1
+4 2
+15 3
+4 1
-2 1
+2 2
+2 3
+1 1
-1 2
+1 1
cfn=(98)
calls=1 837 
* 2506
* 1
+1 4
+2 2
+10 3
cfi=(47)
cfn=(144)
calls=1 27 
* 8
* 2
+77 1
-96 1
+96 3
+17 3
+1 1
-1 1
+1 2
-1 1
+1 5
cfi=(48)
cfn=(146)
calls=1 159 
* 7081
+1 4
+5 1
-3 2
+3 2
+1 7
-1 2
+1 9
-1 6
+4 3
+1 3
+1 1
+2 2
+1 5
-1 4
+1 6
-1 6
+47 2
+2 2
-1 1
-1 2
+2 4
cfi=(34)
cfn=(166)
calls=1 226 
* 2773
+10 1
+1 1
-1 1
+1 1
+1 1
cfn=(174)
calls=1 687 
* 542
* 1
+2 2
799 1
fi=(136) /build/glibc-OTsEL5/glibc-2.27/elf/../sysdeps/unix/sysv/linux/dl-osinfo.h
64 2
fe=(2)
801 1
fi=(136)
77 1
fe=(2)
810 1
+7 1
-5 1
1808 2
2038 3
2161 3
+7 1
+2 3
+1 1
-1 2
+2 10
+2 4
-2 8
+2 4
+5 8
+2 8
+6 4
+2 8
+1 24
cfi=(54) /build/glibc-OTsEL5/glibc-2.27/elf/dl-reloc.c
cfn=(180) _dl_relocate_object
calls=3 148 
* 81429
+4 10
+1 2
cfi=(32)
cfn=(278) _dl_add_to_slotinfo
calls=1 887 
* 20
* 1
-12 1
+1 1
-3 2
+29 4
+2 1
+7 3
cfi=(32)
cfn=(280) _dl_allocate_tls_init
calls=1 437 
* 149
+3 2
-25 4
+2 2
+6 1
-6 1
+6 1
+26 3
+2 4
+15 1
+2 1
-2 2
+3 1
-3 1
+3 1
-3 1
+3 3
cfi=(54)
cfn=(180)
calls=1 148 
* 6191
+1 4
+2 2
+8 1
cfi=(7)
cfn=(282)
calls=1 260 
* 1
+4 2
+20 3
cfi=(31)
cfn=(92)
calls=1 49 
* 8
+1 1
-1 1
+2 1
cfi=(31)
cfn=(96)
calls=1 74 
* 1
+1 1
+4 1
cfi=(50)
cfn=(284) _dl_unload_cache
calls=1 326 
* 15
+5 8
2094 1
+13 1
-9 1
-4 1
+10 1
-6 1
+6 1
+3 1
1753 1
+1 1
-1 2
+1 1
+2 1
+2 3
+2 1
-4 1
+4 2
+14 4
+1 2
+1 3
-64 5
+1 1
-1 3
+4 3
+1 1
+1 2
+1 2
+32 2
2565 3

fn=(112)
588 1
+2 1
-2 1
+3 2
-1 3
+1 3
cfi=(24)
cfn=(114)
calls=1 2080 
* 2113
* 1
+2 2

fl=(16)
fn=(36)
24 2
+1 2
+1 2
+1 2
+1 2
+1 2
+1 2
+1 2
+3 2
+1 2
+1 1
+1 1
+1 1
+1 1
+1 1
+1 1
+1 1
+2 2
+1 2
+1 1
+1 1
+1 1
+1 1
+1 1
+1 1
+1 1
+2 2
+1 2
+1 2
+1 2
+1 2
+1 2
+1 1
+1 1
+1 1
+2 1
+1 1
+1 1
+1 1
+1 1
+1 1
+29 2
+1 2
+15 2
+1 2

fl=(17)
fn=(38)
59 36
+1 3
-1 3
+1 6
cfi=(13)
cfn=(28)
calls=3 +19 
* 66
+6 3
-6 6
+6 3
+7 3
-7 3
-6 3
+6 9
+2 6
+5 9
cfi=(19)
cfn=(42)
calls=3 +19 
* 147
* 3
+3 3
-3 3
+3 3
+4 3
+5 3
-6 3
+6 3
-5 3
+5 3
-5 3
+4 3
+1 6
-1 3
+1 3
cfi=(20)
cfn=(48)
calls=3 +44 
* 41
+10 3
-10 3
+10 3
-10 3
+10 3
-8 3
+8 6
+1 3
-1 3
+1 9
+3 3
-3 3
+3 3
+9 3
-7 3
+4 3
+3 8
+2 2
-2 2
+2 30
-2 30
+18 6
-6 3
+1 3
+5 3
-6 3
+6 9
+2 2
+3 2
-3 4
+3 2
+4 6
+4 5
+8 1
+3 1
+3 2
-3 1
+3 1
-3 2
+3 4
-3 2
+3 2
+2 2
+21 2
-21 2
cfi=(13)
cfn=(28)
calls=2 -76 
* 68
+4 2
-4 4
+17 2
-13 6
+64 2
+4 27
100 8
+39 6
+70 6
cfi=(20)
cfn=(74)
calls=2 -93 
* 32
* 42
+6 40
-1 40
+1 42
-1 2
+1 6
+5 4
-96 1
+7 4
+32 4
cfi=(19)
cfn=(46)
calls=2 50 
* 36
* 2
+1 2
-1 4
+1 2

fn=(50)
31 6
+2 3
-2 9
+2 6
cfi=(2)
cfn=(52)
calls=3 784 
* 6
+2 22
+3 15
+2 2
+2 2
+4 2
+4 2
-4 4
+1 2
+4 4
-4 2
+1 2
+3 2
-3 2
+2 2
cfi=(2)
cfn=(54)
calls=2 790 
* 4
-4 1
+4 1
-4 2
+1 1
+4 2
-4 1
+1 1
+3 1
-3 1
+2 1
cfi=(2)
cfn=(54)
calls=1 790 
* 2
-5 2

fl=(31)
fn=(92)
49 8
+5 6
+5 2
-1 1
+1 2
+1 2
-1 1
+5 1
-14 4
+4 8
+4 1
-1 1
+1 4

fn=(96)
74 2

fl=(15)
fn=(34)
29 3
+3 10
+13 36
-13 108
+2 76
+1 18
+5 2
-3 2
+3 2
+2 2
+7 1

fl=(30)
fn=(86)
40 12
+1 3
cfi=(13)
cfn=(28)
calls=3 +38 
* 84
* 3
+1 6
cfi=(19)
cfn=(46)
calls=3 +8 
* 54
* 3
+2 6
+4 3
-1 6
+1 6
-1 6
cfi=(20)
cfn=(48)
calls=3 +82 
* 38

fl=(37)
fn=(120)
39 11
fi=(38) /build/glibc-OTsEL5/glibc-2.27/io/../sysdeps/unix/sysv/linux/open64.c
-3 11
+3 66
+8 77
+2 3
-2 24
+2 8
fe=(37)

fl=(39)
fn=(124)
27 8
+1 2

fl=(78)
fn=(290)
79 11
+5 1
-4 1
+1 1
+3 2
+8 2
+25 2
+1 12
+1 12
-89 12
+9 3
-3 6
+3 9
+5 6
+5 2
+9 6
cob=(3)
cfi=(80) /build/glibc-OTsEL5/glibc-2.27/csu/../csu/init-first.c
cfn=(302) _init
calls=1 -6 
* 207
* 1
+4 2
+6 2
+2 2
-2 1
+3 1
-1 1
+1 5
+1 4
cob=(3)
cfi=(86) /build/glibc-OTsEL5/glibc-2.27/string/../sysdeps/x86/cacheinfo.c
cfn=(316) init_cacheinfo
calls=1 488 
* 1773
* 1
-1 2
+47 3
+7 8
-80 3
-5 3
-10 3
+57 2
-48 1
-3 2
+3 3
+5 3
+5 2
+9 7
cob=(2)
cfi=(18)
cfn=(292) 0x0000000004a2a520
calls=1 -58 
* 6
* 1
+3 1
+1 2
+6 1
+2 2
-2 2
+3 8
+1 4
cob=(4) /usr/lib/valgrind/vgpreload_core-amd64-linux.so
cfi=(79) ???
cfn=(296) 0x0000000000000640
calls=1 -72 
* 17
-1 5

fl=(101) /build/glibc-OTsEL5/glibc-2.27/elf/dl-open.c
fn=(380) _dl_find_dso_for_object
176 5
+4 6
+1 4
+1 12
+1 2
-2 6
+5 2
+4 7

fl=(32)
fn=(278)
887 4
+9 1
-3 2
+8 7
+41 1
+1 1
+1 4

fn=(162)
51 4
+48 1
+4 1

fn=(178)
332 1
+2 1
-2 2
+13 1
+1 2
cfi=(19)
cfn=(46)
calls=1 50 
* 18
* 1
+1 3
+8 2
-69 1
+69 2
+1 1
+4 297
+19 1
-94 2
+1 2
cfi=(19)
cfn=(42)
calls=1 92 
* 27
* 1
+1 2
+3 1
+6 2
+89 5

fn=(176)
141 1
-6 5
+6 2
+3 2
+36 3
+2 4
-2 1
-2 1
-40 1
-1 1
-1 2
+69 2
+3 2
-3 5
+2 2
+10 1
-37 2
+25 1
-25 2
+5 1
-1 1
+5 2
-4 1
-1 2
+3 2
+2 3
-9 5
+93 1
-53 1
+1 1
+52 1
-1 1
+1 4

fn=(94)
113 2
+1 2

fn=(280)
437 8
+1 1
-1 1
+1 1
+4 1
+6 2
-6 1
+6 1
+12 1
-15 1
+39 1
-24 1
-16 2
+21 9
+6 15
+3 1
+1 2
+6 3
+3 1
-2 1
+6 1
-6 1
+2 1
+4 1
-4 2
+3 1
-3 1
+1 1
+2 1
+4 2
+1 4
+2 2
+1 2
+12 1
-3 1
+3 2
cfi=(20)
cfn=(74)
calls=1 116 
* 12
* 5
cfi=(28)
cfn=(76)
calls=1 109 
* 33
* 7
-42 2
+52 1
+4 3
+3 8

fl=(54)
fn=(180)
148 40
+15 4
-15 8
+15 4
+1 20
+6 12
+6 16
+1 8
-19 6
+22 6
+7 4
-32 4
+32 4
+44 4
fi=(5)
76 4
fe=(54)
231 8
fi=(5)
76 12
fe=(54)
258 146
-99 2
fi=(5)
481 6
fe=(54)
159 4
+99 2
fi=(4)
48 2
fe=(54)
258 2
fi=(4)
47 2
+11 2
-11 2
+11 2
-11 2
+11 2
fe=(54)
258 2
-99 2
fi=(5)
481 6
fe=(54)
159 4
+99 2
fi=(4)
48 2
fe=(54)
258 2
fi=(4)
47 2
+11 2
-11 2
+11 2
-11 2
+11 2
fe=(54)
258 4
fi=(4)
48 4
fe=(54)
258 4
fi=(4)
47 4
+11 4
-11 4
+11 4
-11 4
+11 4
+26 6
+14 12
-15 12
+3 24
+12 6
+10 8
+10 18
+6 5
-3 10
+3 5
fi=(5)
491 3
fi=(4)
51 3
fi=(5)
491 3
fi=(4)
50 6
+77 460
+12 230
-3 345
fi=(5)
276 115
fi=(4)
139 115
-2 115
-1 115
+1 115
+1 115
-1 230
fi=(5)
276 115
+21 230
+4 230
+7 460
fi=(55)
102 294
fi=(5)
308 1805
fi=(4)
138 94
fi=(5)
308 188
fi=(4)
138 94
fi=(5)
308 94
fi=(4)
138 94
fi=(5)
308 188
fi=(4)
138 1
fi=(5)
308 2
fi=(4)
138 1
fi=(5)
308 1
fi=(4)
138 1
fi=(5)
308 1142
cfi=(6)
cfn=(188)
calls=95 790 
* 55959
* 570
+2 294
+25 690
fi=(4)
74 4
+1 7
+1 78
fi=(5)
551 39
+24 78
+2 39
cob=(3)
cfi=(77) /build/glibc-OTsEL5/glibc-2.27/time/../sysdeps/unix/sysv/linux/x86/gettimeofday.c
cfn=(274) gettimeofday
calls=1 42 
* 77
cob=(3)
cfi=(58) /build/glibc-OTsEL5/glibc-2.27/string/../sysdeps/x86_64/multiarch/ifunc-strcasecmp.h
cfn=(270) strncasecmp_l
calls=1 32 
* 6
cob=(3)
cfi=(60) /build/glibc-OTsEL5/glibc-2.27/string/../sysdeps/x86_64/multiarch/ifunc-avx2.h
cfn=(268) strchrnul
calls=1 32 
* 8
cob=(3)
cfi=(57) /build/glibc-OTsEL5/glibc-2.27/string/../sysdeps/x86_64/multiarch/ifunc-unaligned-ssse3.h
cfn=(266) stpcpy
calls=1 33 
* 9
cob=(3)
cfi=(57)
cfn=(264) stpncpy
calls=1 33 
* 9
cob=(3)
cfi=(70) /build/glibc-OTsEL5/glibc-2.27/string/../sysdeps/x86_64/multiarch/ifunc-sse4_2.h
cfn=(262) strspn
calls=1 30 
* 6
cob=(3)
cfi=(64) /build/glibc-OTsEL5/glibc-2.27/wcsmbs/../sysdeps/x86_64/multiarch/ifunc-avx2.h
cfn=(260) wcslen
calls=1 32 
* 8
cob=(3)
cfi=(60)
cfn=(258) memchr
calls=1 32 
* 8
cob=(3)
cfi=(58)
cfn=(254) strcasecmp_l
calls=1 32 
* 6
cob=(3)
cfi=(60)
cfn=(252) memrchr
calls=1 32 
* 8
cob=(3)
cfi=(60)
cfn=(250) strlen
calls=1 32 
* 8
cob=(3)
cfi=(74) /build/glibc-OTsEL5/glibc-2.27/string/../sysdeps/x86_64/multiarch/strchr.c
cfn=(248) index
calls=1 40 
* 8
cob=(3)
cfi=(70)
cfn=(246) strpbrk
calls=1 30 
* 6
cob=(3)
cfi=(73) /build/glibc-OTsEL5/glibc-2.27/wcsmbs/../sysdeps/x86_64/multiarch/ifunc-wmemset.h
cfn=(244) wmemset
calls=2 32 
* 26
cob=(3)
cfi=(72) /build/glibc-OTsEL5/glibc-2.27/wcsmbs/../sysdeps/x86_64/multiarch/wcsnlen.c
cfn=(242) wcsnlen
calls=1 40 
* 7
cob=(3)
cfi=(56) /build/glibc-OTsEL5/glibc-2.27/string/../sysdeps/x86_64/multiarch/ifunc-memmove.h
cfn=(240) memcpy@@GLIBC_2.14
calls=1 44 
* 16
cob=(3)
cfi=(57)
cfn=(238) strcpy
calls=1 33 
* 9
cob=(3)
cfi=(58)
cfn=(234) strncasecmp
calls=1 32 
* 6
cob=(3)
cfi=(70)
cfn=(232) strcspn
calls=1 30 
* 6
cob=(3)
cfi=(60)
cfn=(230) strnlen
calls=2 32 
* 16
cob=(3)
cfi=(64)
cfn=(228) wcschr
calls=2 32 
* 16
cob=(3)
cfi=(69) /build/glibc-OTsEL5/glibc-2.27/string/../sysdeps/x86_64/multiarch/ifunc-memset.h
cfn=(226) memset
calls=1 42 
* 18
cob=(3)
cfi=(68) /build/glibc-OTsEL5/glibc-2.27/string/../sysdeps/x86_64/multiarch/strcmp.c
cfn=(224) strcmp
calls=1 38 
* 9
cob=(3)
cfi=(67) /build/glibc-OTsEL5/glibc-2.27/string/../sysdeps/x86_64/multiarch/strncmp.c
cfn=(222) strncmp
calls=1 38 
* 8
cob=(3)
cfi=(65) /build/glibc-OTsEL5/glibc-2.27/string/../sysdeps/x86_64/multiarch/ifunc-memcmp.h
cfn=(218) bcmp
calls=1 33 
* 13
cob=(3)
cfi=(56)
cfn=(216) mempcpy
calls=1 44 
* 16
cob=(3)
cfi=(64)
cfn=(214) wmemchr
calls=2 32 
* 16
cob=(3)
cfi=(60)
cfn=(212) rawmemchr
calls=1 32 
* 8
cob=(3)
cfi=(61) /build/glibc-OTsEL5/glibc-2.27/time/../sysdeps/unix/sysv/linux/x86/time.c
cfn=(206) time
calls=1 43 
* 77
cob=(3)
cfi=(60)
cfn=(204) rindex
calls=1 32 
* 8
cob=(3)
cfi=(57)
cfn=(202) strcat
calls=1 33 
* 9
cob=(3)
cfi=(58)
cfn=(198) strcasecmp
calls=1 32 
* 6
cob=(3)
cfi=(57)
cfn=(196) strncpy
calls=1 33 
* 9
cob=(3)
cfi=(56)
cfn=(194) memmove
calls=2 44 
* 32
-26 39
+27 39
fi=(4)
75 121
fe=(54)
258 2
fi=(4)
75 14
fe=(54)
258 14
+3 16
+24 4
+3 8
+17 12
+8 20
+3 4
-3 4
+3 4
+4 8
+1 12
cfi=(44)
cfn=(136)
calls=4 78 
* 20
* 8
-14 32
fi=(5)
131 6
458 388
fi=(4)
124 345
+19 15
fi=(5)
430 51
+4 68
+5 17
+9 17
-9 34
+9 34
+49 3
+4 6
cfi=(20)
cfn=(48)
calls=1 129 
* 10
+2 3
+1 1
308 34
+5 17
-3 34
+3 145
-3 188
+3 282
+3 5
+3 2
+1 3
+1 2
+4 1
+7 1
cob=(3)
cfi=(69)
cfn=(226)
calls=1 42 
* 18
* 3
-24 57
fi=(4)
61 4
-10 2
-1 4
fi=(5)
551 16
+4 16
+2 24
+1 8
fi=(4)
61 141
+2 188
+2 119
+46 9
fi=(5)
541 1243
fi=(4)
111 1243
fi=(5)
541 1243
fi=(4)
111 1243
fi=(5)
541 1243
fi=(4)
111 1243
fi=(5)
535 1243
fi=(4)
112 2486
fi=(5)
535 2486
+5 2486
fi=(4)
50 1
160 1
51 1
160 4
+2 20
+9 10
-1 5
+1 5
-1 10
fi=(5)
276 5
fi=(4)
170 15
fi=(5)
276 5
+21 10
+4 10
+7 20
fi=(55)
102 15
fi=(5)
308 170
cfi=(6)
cfn=(188)
calls=5 790 
* 2413
* 35
+2 15
+25 30
fe=(54)
-77 10
fi=(5)
82 4
+4 6
+14 2
-8 2
+8 4
+20 4
+4 8
-2 4
458 20
fi=(4)
160 17
+14 2
fi=(5)
313 1
-3 2
+3 3
-5 87
fe=(54)
180 3
fi=(5)
308 6
fe=(54)

fl=(100) /build/glibc-OTsEL5/glibc-2.27/elf/../elf/dl-runtime.c
fn=(376) _dl_fixup
66 4
+6 4
-6 2
+3 4
+3 6
-4 2
+5 2
+2 2
-2 10
+2 2
-2 2
+2 2
+5 4
+4 4
+4 2
+7 2
-7 4
+4 4
+1 8
+2 8
+7 4
-1 2
+1 2
+10 18
cfi=(6)
cfn=(188)
calls=2 790 
* 1847
* 2
+4 10
+10 14
+16 2
-8 2
+8 6
+4 6
fi=(5)
+96 2
fe=(100)
-92 6

fl=(50)
fn=(154)
187 9
+8 2
+3 3
+45 1
+6 2
+11 1
-2 1
fi=(51) /build/glibc-OTsEL5/glibc-2.27/elf/../sysdeps/x86/dl-procinfo.h
39 1
fe=(50)
258 2
fi=(51)
39 3
+3 3
cfi=(21)
cfn=(56)
calls=1 144 
* 24
* 2
fe=(50)
264 4
cfi=(9)
cfn=(26)
calls=1 373 
* 18
* 1
fi=(26)
28 2
fe=(50)
264 1
fi=(26)
28 2
fe=(50)
266 2
fi=(26)
32 3
fe=(50)
270 2
+15 1
-15 1
+15 122
cfn=(160) _dl_cache_libcmp
calls=8 141 
* 585
* 58
cfn=(160)
calls=1 141 
* 71
* 7
-84 4
cfi=(36)
cfn=(156)
calls=1 44 
* 107
+8 1
-8 1
+8 4
+1 7
+7 1
-3 1
+3 3
+3 1
+1 2
-1 1
+1 1
+1 8
+63 3
+16 2
+4 2
+8 3
cfi=(13)
cfn=(28)
calls=1 79 
* 34
* 2
+1 1
-1 4
+1 2
cfi=(20)
cfn=(48)
calls=1 129 
* 10
+1 2
cfi=(30)
cfn=(86)
calls=1 40 
* 80
+1 8
-19 2
-27 4
+1 3
-1 7
+15 16
fi=(51)
42 3
fe=(50)
297 3

fn=(284)
326 4
-1 1
+3 2
cfi=(44)
cfn=(286)
calls=1 78 
* 5
+1 1
+2 2

fn=(160)
141 18
+1 20
+2 180
+20 88
+2 160
+4 36
+1 36
-29 72
+32 3
-28 2
+6 1
+2 1
-1 1
-1 2
+1 1
-1 1
+2 3
+2 3
-3 1
+3 1
+2 2
+9 24

fl=(49)
fn=(152)
34 8
-1 8
+1 8
+1 48
+4 1
-4 28

fl=(99) /build/glibc-OTsEL5/glibc-2.27/elf/../sysdeps/x86_64/dl-trampoline.h
fn=(374) _dl_runtime_resolve_xsave
71 2
+3 2
+2 2
+10 2
+6 2
+1 2
+1 2
+1 2
+1 2
+1 2
+1 2
+4 2
+1 2
+3 2
+1 2
+2 2
+1 2
+1 2
+1 2
+1 2
+1 2
+2 2
+7 2
+1 2
+1 2
cfi=(100)
cfn=(376)
calls=2 -59 
* 2001
+1 2
+5 2
+1 2
+1 2
+2 2
+1 2
+1 2
+1 2
+1 2
+1 2
+1 2
+2 2
+2 2
+4 2
+3 2

fl=(132) /build/glibc-OTsEL5/glibc-2.27/elf/dl-fini.c
fn=(568) _dl_fini
30 8
+20 3
-3 6
+3 4
+3 2
cfi=(2)
cfn=(52)
calls=1 784 
* 2
+2 1
+3 2
+2 8
+8 1
-3 1
+8 1
-5 6
+7 8
+2 8
+2 8
+1 4
+1 4
+4 4
-12 12
+14 6
+1 4
+6 3
cfi=(52)
cfn=(164)
calls=1 -66 
* 253
+10 2
cfi=(2)
cfn=(54)
calls=1 790 
* 2
+5 6
+2 1
+2 3
-2 3
+2 9
+3 8
+3 12
+4 4
+11 2
+1 2
-1 2
+2 2
-2 2
+2 2
+1 14
+1 2
cob=(4)
cfi=(79)
cfn=(592) 0x0000000000000600
calls=1 0 
* 95
cob=(5)
cfi=(88)
cfn=(570)
calls=1 0 
* 95
* 2
-1 6
+5 4
+1 6
cob=(2)
cfi=(18)
cfn=(608) 0x0000000004a2a7a8
calls=1 0 
* 3
cob=(2)
cfi=(18)
cfn=(590) 0x0000000000109cd4
calls=1 0 
* 3
+6 24
+16 8
-56 10
+62 6
+6 2
+7 8
-90 7
+26 6

fl=(8)
fn=(24)
34 2
+4 4
+3 3
+4 1
-4 1
+4 1
-4 1
+3 1
+1 2
+1 4
+1 4
+1 3
+1 2
+7 2
+1 7
+7 3
+4 2
+2 4
+40 2
+4 4
+1 2
+3 1
+7 1
-8 1
+4 1
+2 1
-2 1
+4 2
+3 2
+50 3
74 2
+3 3
+3 1
-3 1
+3 1
+2 3
+2 2
+7 3
-5 3

fl=(23)
fn=(64)
78 4
+1 1

ob=(2)
fl=(18)
fn=(464) 0x0000000004c4d2c8
0 10
cob=(3)
cfi=(95) /build/glibc-OTsEL5/glibc-2.27/malloc/malloc.c
cfn=(466) free
calls=10 3086 
0 532

fn=(590)
0 3

fn=(336)
0 6

fn=(88)
0 1
cob=(1)
cfi=(19)
cfn=(90)
calls=1 111 
0 4

fn=(598) 0x0000000004a2a560
0 1
cob=(3)
cfi=(133) /build/glibc-OTsEL5/glibc-2.27/stdlib/cxa_finalize.c
cfn=(578) __cxa_finalize
calls=1 30 
0 74

fn=(608)
0 3

fn=(292)
0 6

fn=(576)
0 1
cob=(3)
cfi=(133)
cfn=(578)
calls=1 30 
0 74

fn=(358) 0x0000000004c4d2c0
0 7
cob=(3)
cfi=(95)
cfn=(360) malloc
calls=7 3028 
0 64289

ob=(3)
fl=(130) /build/glibc-OTsEL5/glibc-2.27/stdlib/exit.c
fn=(564) __run_exit_handlers
40 9
+5 1
-5 1
+5 2
+11 14
+3 2
+2 5
+16 2
+35 6
+2 2
-44 6
+2 1
+1 1
-1 1
+4 4
+1 6
+29 1
-3 1
+5 1
-2 2
+2 2
cob=(1)
cfi=(132)
cfn=(568)
calls=1 -78 
* 722
+1 1
+11 1
+1 1
-1 1
+1 1
+5 4
-73 1
+12 1
+1 4
+63 2
+1 11
cfi=(105) /build/glibc-OTsEL5/glibc-2.27/libio/genops.c
cfn=(610) _IO_cleanup
calls=1 918 
* 343
* 3
+2 2
cfi=(135) /build/glibc-OTsEL5/glibc-2.27/posix/../sysdeps/unix/sysv/linux/_exit.c
cfn=(624) _Exit
calls=1 27 
* 5
-86 1
cfi=(131) /build/glibc-OTsEL5/glibc-2.27/stdlib/cxa_thread_atexit_impl.c
cfn=(566) __call_tls_dtors
calls=1 +99 
* 11
* 1

fn=(562) exit
139 1
-1 1
+1 3
cfn=(564)
calls=1 -99 
* 1186

fl=(133)
fn=(578)
30 4
+3 2
-3 10
+3 2
-3 2
+3 10
+3 6
+4 14
-4 6
+58 10
+4 12
-4 6
+12 4
+1 4
cfi=(134) /build/glibc-OTsEL5/glibc-2.27/nptl/unregister-atfork.c
cfn=(580) __unregister_atfork
calls=2 -79 
* 32
+2 8
+1 16

fl=(128)
fn=(548)
31 10
+1 2
-1 2
+1 2
-1 2
+4 4
+2 36
+1 11
+1 1
fi=(112) /build/glibc-OTsEL5/glibc-2.27/libio/libioP.h
870 3
+2 2
+1 2
fe=(128)
39 1
fi=(112)
870 3
+2 2
+1 2
fe=(128)
39 8
cfi=(106) /build/glibc-OTsEL5/glibc-2.27/libio/fileops.c
cfn=(488) _IO_file_xsputn@@GLIBC_2.2.5
calls=2 1220 
* 388
* 6
fi=(112)
796 4
+1 8
fe=(128)
38 2
fi=(112)
797 10
fe=(128)
45 4
+1 2
+3 18

fl=(68)
fn=(224)
38 4
+3 4
+6 1

fl=(116) /build/glibc-OTsEL5/glibc-2.27/libio/ioseekoff.c
fn=(458) _IO_seekoff_unlocked
34 8
-1 16
+10 20
+16 4
fi=(137) /build/glibc-OTsEL5/glibc-2.27/libio/../libio/libioP.h
870 12
+2 8
+1 8
fe=(116)
59 4
+1 4
-1 4
+1 8
-1 4
cfi=(106)
cfn=(460) _IO_file_seekoff@@GLIBC_2.2.5
calls=4 923 
* 606
-16 8

fl=(105)
fn=(432) _IO_setb
347 21
+1 34
+3 7
+2 28
-3 7
+3 14
+3 30
-7 3
cob=(2)
cfi=(18)
cfn=(464)
calls=3 0 
* 213
* 15

fn=(560) __overflow
217 612
+2 918
+2 306
fi=(112)
870 918
+2 612
+1 612
fe=(105)
221 306
+1 612
-1 306
cfi=(106)
cfn=(494) _IO_file_overflow@@GLIBC_2.2.5
calls=306 747 
* 10217

fn=(402) _IO_no_init
590 27
+1 3
cfn=(404) _IO_old_init
calls=3 -30 
* 81
+2 3
-1 3
+1 3
+2 3
+1 3
+1 3
+1 3
+1 3
+1 3
+1 3
+1 3
+1 3
+1 3
+1 3
+1 3
+2 3
+6 3
+1 18

fn=(520) _IO_default_uflow
379 24576
fi=(112)
870 24576
fe=(105)
379 24576
+1 12288
fi=(112)
870 12288
+2 24576
+1 24576
fe=(105)
380 24576
cfi=(106)
cfn=(438) _IO_file_underflow@@GLIBC_2.2.5
calls=12288 +98 
* 1118208
+1 24576
+2 49152
+1 49152

fn=(420) _IO_sgetn
427 4
fi=(112)
870 8
fe=(105)
427 4
+2 4
fi=(112)
870 4
+2 8
+1 8
fe=(105)
429 4
+1 8
-1 4
cfi=(106)
cfn=(422) _IO_file_xsgetn
calls=4 1295 
* 1140

fn=(498) _IO_default_xsputn
392 78
-3 195
fi=(112)
870 39
fe=(105)
389 39
fi=(112)
870 39
fe=(105)
389 195
fi=(112)
870 78
fe=(105)
407 46
+8 24
+2 432
fi=(112)
872 236
+1 236
fe=(105)
417 472
cfi=(106)
cfn=(494)
calls=118 747 
* 3894
* 236
+2 236
-22 628
+2 72
+3 48
+2 4
cfi=(114) /build/glibc-OTsEL5/glibc-2.27/string/../sysdeps/x86_64/multiarch/memmove-vec-unaligned-erms.S
cfn=(502) __mempcpy_avx_unaligned_erms
calls=1 204 
* 12
* 1
+1 1
-1 1
+1 2
+17 39
-29 39
+29 273
-15 23
+5 69
-1 46
+1 81
-1 54
+2 92

fn=(612) _IO_flush_all_lockp
749 11
+5 4
+1 11
+3 1
-8 1
+5 1
+3 1
-3 1
+3 1
fi=(112)
870 2
fe=(105)
762 1
fi=(112)
870 2
fe=(105)
-98 6
-14 3
+16 3
-16 6
+3 3
-1 3
+1 3
+3 22
+14 9
+1 3
+4 12
-29 4

fn=(526) _IO_un_link
53 36
+1 12
+4 12
+1 30
+2 3
-2 3
+1 3
+1 3
-2 3
+2 3
-2 3
+2 45
+2 3
-2 3
+2 6
+2 6
+3 3
+1 3
+5 3
+2 3
-2 3
+2 24
+2 3
-1 3
+1 24
+1 6
+3 42
-6 21
-18 12
+8 6
+5 3
-3 2

fn=(530) _IO_unsave_markers
1019 6
+19 9
189 3

fn=(610)
918 2
+3 1
-3 8
+3 1
cfn=(612)
calls=1 749 
* 114
-72 1
+72 1
-72 2
+1 11
+3 1
-3 1
+3 1
-3 1
+3 1
fi=(112)
+17 2
fe=(105)
-7 1
fi=(112)
+7 2
fe=(105)
+23 3
-40 9
+2 9
+2 6
+6 12
+8 2
+9 1
fi=(112)
-8 2
+1 2
fe=(105)
+7 4
cfi=(106)
cfn=(618) _IO_file_setbuf@@GLIBC_2.2.5
calls=1 389 
* 83
+2 3
+4 5
+1 9
+10 9
+1 2
+35 12
-62 3
+2 2
+2 1
+1 1
-1 1
+2 3
-28 4
+14 4

fn=(620) _IO_default_setbuf
479 2
fi=(112)
870 1
fe=(105)
479 3
fi=(112)
870 1
fe=(105)
479 3
+1 1
fi=(112)
870 1
+2 2
+1 2
fe=(105)
480 2
cfi=(106)
cfn=(622) _IO_file_sync@@GLIBC_2.2.5
calls=1 807 
* 17
* 3
+2 2
+7 1
-7 1
+10 2
+2 1
-2 1
+1 3
+2 6
-11 1
348 1
485 1
-1 1
+1 1
348 3
+7 1
-5 1
+1 1
+4 2

fn=(462) _IO_free_backup_area
187 4
+1 4
-1 4
+1 4
+2 8
cob=(2)
cfi=(18)
cfn=(464)
calls=4 0 
* 116
+1 4
+1 4
+1 4
+1 8

fn=(518) __uflow
318 36864
-1 49152
+6 61440
+3 24576
+2 24576
+6 24576
+7 12288
fi=(112)
870 36864
+2 24576
+1 24576
fe=(105)
341 12288
+1 12288
-1 12288
+1 24576
-1 12288
cfn=(520)
calls=12288 +38 
* 1413120
-23 24576
+21 36864

fn=(404)
561 3
-2 3
+1 3
-1 3
+2 6
+16 3
-14 3
+1 3
+13 3
+5 3
-17 3
+1 3
+1 3
+1 3
+14 3
-13 3
+1 3
+1 3
+2 3
+1 3
+1 3
+1 3
+6 3
+1 6
+2 3

fn=(424) _IO_doallocbuf
362 8
-1 12
+3 16
+4 16
-3 4
fi=(112)
870 12
+2 8
+1 8
fe=(105)
365 8
cfi=(110) /build/glibc-OTsEL5/glibc-2.27/libio/filedoalloc.c
cfn=(426) _IO_file_doallocate
calls=4 78 
* 1022
* 8

fn=(436) __underflow
288 8
-1 8
+6 10
+3 4
+2 4
+6 4
+7 2
fi=(112)
870 6
+2 4
+1 4
fe=(105)
311 2
+1 2
-1 2
+1 4
-1 2
cfi=(106)
cfn=(438)
calls=2 478 
* 178
-2 6

fn=(440) _IO_switch_to_get_mode
164 49160
+1 36870
+3 36870
+5 12290
-1 24580
+1 12290
+7 12290
-4 12290
+2 24580
+2 12290
+1 12290
+1 49160

fn=(408) _IO_link_in
87 36
+1 18
+4 3
-2 9
+2 6
+1 33
+2 3
-1 3
-1 3
+2 3
-2 3
+2 39
+2 3
-2 3
+5 3
-2 3
-1 3
+3 42
+2 3
-1 3
+1 24
+1 6
+3 42
-14 12

fn=(540) _IO_default_finish
628 12
+2 3
-2 9
+2 6
+6 9
+3 9
54 6
651 21

fl=(84) /build/glibc-OTsEL5/glibc-2.27/string/../sysdeps/x86_64/multiarch/strrchr-avx2.S
fn=(312) __strrchr_avx2
43 1
+1 1
+2 1
+1 1
+3 1
+1 1
+1 1
+33 1
+1 1
+1 1
+1 1
+1 1
+1 1
+1 1
+1 1
+1 1
+1 1
+3 1
+1 1
+9 1
+1 1
+99 1
+1 1
+8 1
+1 1
+1 1
+1 1
+1 1
+2 1
+1 1
+1 1
+1 1
+1 1

fl=(103) /build/glibc-OTsEL5/glibc-2.27/misc/sbrk.c
fn=(398) sbrk
32 2
+8 2
-8 6
+8 9
+1 2
cfi=(104) /build/glibc-OTsEL5/glibc-2.27/misc/../sysdeps/unix/sysv/linux/x86_64/brk.c
cfn=(400) brk
calls=1 -10 
* 12
* 3
+3 4
+4 6
+12 5
-4 2
cfi=(104)
cfn=(400)
calls=1 -25 
* 12
* 2
+4 5

fl=(109)
fn=(418)
31 16
+1 8
-1 4
+4 8
+2 32
+1 12
cfi=(105)
cfn=(420)
calls=4 427 
* 1196
fi=(112)
796 4
fe=(109)
38 4
fi=(112)
796 4
+1 32
fe=(109)
40 8
-3 52
+4 4
-1 4
+1 24

fl=(98) /build/glibc-OTsEL5/glibc-2.27/elf/dl-addr.c
fn=(366) _dl_addr
126 9
+2 1
-2 1
+5 1
-5 1
+5 2
cob=(1)
cfi=(2)
cfn=(52)
calls=1 784 
* 2
+2 2
cob=(1)
cfi=(99)
cfn=(374)
calls=1 -62 
* 1117
* 5
+2 3
30 1
+1 1
-1 1
+1 1
+3 2
+5 1
+6 1
-7 1
+2 3
+2 3
+3 1
+5 7
-6 2
+6 4043
+2 1010
+1 2020
-1 1
+1 2
+2 3664
+9 2052
+7 28
-2 28
+2 2353
-2 2297
+2 6003
-10 11625
+2 9300
+1 14806
+36 2
+1 1
+1 3
+3 2
+36 2
cob=(1)
cfi=(2)
cfn=(54)
calls=1 790 
* 2
+3 9
-27 1
+1 1
+20 2

fl=(118)
fn=(480)
28 4543
+4 413
+1 826
-1 2065
+1 1239
cfi=(119) /build/glibc-OTsEL5/glibc-2.27/stdio-common/vfprintf.c
cfn=(482) vfprintf
calls=413 1244 
* 1035789
+4 2065

fl=(104)
fn=(400)
31 16
+8 2
-6 4
+7 2

fl=(97) /build/glibc-OTsEL5/glibc-2.27/malloc/arena.c
fn=(364) ptmalloc_init.part.0
289 2
+5 1
-5 3
+13 2
+6 1
fi=(95)
1816 2
fe=(97)
308 12
fi=(95)
1816 13
+1 1
-1 3
+1 11
-1 390
+1 30
-1 90
+1 331
fe=(97)
313 1
fi=(95)
1825 1
fe=(97)
313 4
fi=(95)
1817 7
+11 1
-11 4
+9 1
fe=(97)
313 1
fi=(95)
1828 1
fe=(97)
313 1
cob=(1)
cfi=(99)
cfn=(374)
calls=1 71 
* 1027
* 5
+1 4
cob=(1)
cfi=(9)
cfn=(26)
calls=1 +59 
* 18
* 1
+1 4
cob=(1)
cfi=(9)
cfn=(26)
calls=1 +58 
* 19
* 1
+1 4
cob=(1)
cfi=(9)
cfn=(26)
calls=1 +57 
* 18
* 1
+1 4
cob=(1)
cfi=(9)
cfn=(26)
calls=1 +56 
* 18
* 1
+1 4
cob=(1)
cfi=(9)
cfn=(26)
calls=1 +55 
* 19
* 1
+1 4
cob=(1)
cfi=(9)
cfn=(26)
calls=1 +54 
* 18
* 1
+1 4
cob=(1)
cfi=(9)
cfn=(26)
calls=1 +53 
* 18
* 1
+2 4
cob=(1)
cfi=(9)
cfn=(26)
calls=1 +51 
* 18
* 1
+1 4
cob=(1)
cfi=(9)
cfn=(26)
calls=1 +50 
* 18
* 1
+1 4
cob=(1)
cfi=(9)
cfn=(26)
calls=1 +49 
* 18
* 1
+71 2
+1 2
+4 2
-1 1
+1 4
-97 5
cfi=(98)
cfn=(366)
calls=1 126 
* 60426
* 2
+1 4

fl=(89)
fn=(328)
137 8
+4 1
-4 2
+4 2
+98 1
-98 1
+98 1
+1 4
cfi=(90) /build/glibc-OTsEL5/glibc-2.27/stdlib/cxa_atexit.c
cfn=(330) __cxa_atexit
calls=1 65 
* 65
+22 4
+3 2
+1 5
cob=(5)
cfi=(88)
cfn=(334)
calls=1 0 
* 57
+4 4
+15 2
+12 2
cfi=(91) /build/glibc-OTsEL5/glibc-2.27/setjmp/../sysdeps/x86_64/bsd-_setjmp.S
cfn=(346) _setjmp
calls=1 30 
* 29
+1 2
+5 2
+1 2
+3 2
+3 6
cob=(5)
cfi=(88)
cfn=(352)
calls=1 0 
* 246518383
+34 2
cfi=(130)
cfn=(562)
calls=1 139 
* 1191

fl=(83) /build/glibc-OTsEL5/glibc-2.27/misc/init-misc.c
fn=(308) __init_misc
31 2
-1 3
+1 4
+2 3
cfi=(84)
cfn=(312)
calls=1 +10 
* 33
* 1
+4 5
+1 3
+2 4

fl=(120) /build/glibc-OTsEL5/glibc-2.27/string/../sysdeps/x86_64/multiarch/strchr-avx2.S
fn=(486) __strchrnul_avx2
45 4950
+2 4950
+1 4950
+1 4950
+2 4950
+1 4950
+1 4950
+4 2478
+1 2478
+1 2478
+1 2478
+1 2478
+1 2478
+1 2478
+11 2472
+1 2472
+1 2472
+1 2472
+1 2472
+1 2472
+1 2472
+2 2472
+1 2472
+1 2472
+2 1650
+1 1650
+2 1650
+7 1650
+1 1650
+4 822
+5 822
+1 822
+1 822
+1 822
+1 822
+1 822
+1 822
+72 3300
+2 3300
+7 3300
+1 3300

fl=(129)
fn=(558)
27 4110
+4 411
+1 411
-1 2055
+1 411
cfi=(119)
cfn=(482)
calls=411 1244 
* 873341
+4 2055

fl=(96) /build/glibc-OTsEL5/glibc-2.27/malloc/hooks.c
fn=(362) malloc_hook_ini
29 5
fi=(97)
291 1
fe=(96)
30 1
fi=(97)
291 1
fe=(96)
30 1
fi=(97)
291 1
fi=(95)
3039 7
+3 1
-2 2
+2 3
+13 4
+2 3
cfn=(392) _int_malloc
calls=1 3521 
* 161
+1 1
-1 1
+1 6
-19 4
-56 5
cfn=(390) tcache_init.part.4
calls=1 +3 
* 496
+62 3
+2 5
+1 3
fe=(96)
33 6
cfi=(97)
cfn=(364)
calls=1 289 
* 62626
* 1
fi=(95)
3034 2
fe=(96)

fl=(108) /build/glibc-OTsEL5/glibc-2.27/string/../string/strstr.c
fn=(414) __GI_strstr
53 21
+10 12
+26 27
-23 15

fl=(107) /build/glibc-OTsEL5/glibc-2.27/io/../sysdeps/unix/sysv/linux/open64.c
fn=(412) open
36 3
+3 3
-3 9
+3 3
-3 3
+3 11
+8 29
+2 15
-7 2
+1 1
-1 3
+5 4

fl=(135)
fn=(624)
27 2
+4 1
+2 2

fl=(85) /build/glibc-OTsEL5/glibc-2.27/ctype/ctype-info.c
fn=(314) __ctype_init
31 5
+2 1
+2 1
-4 1
+4 1
-4 1
+2 3
+2 2
+1 1

fl=(60)
fn=(204)
32 1
-2 1
+2 2
-2 3
fi=(138) /build/glibc-OTsEL5/glibc-2.27/string/../sysdeps/x86_64/multiarch/strrchr.c
-2 1
fe=(60)

fn=(268)
32 1
-2 1
+2 2
-2 3
fi=(139) /build/glibc-OTsEL5/glibc-2.27/string/../sysdeps/x86_64/multiarch/strchrnul.c
+1 1
fe=(60)

fn=(252)
32 1
-2 1
+2 2
-2 3
fi=(140) /build/glibc-OTsEL5/glibc-2.27/string/../sysdeps/x86_64/multiarch/memrchr.c
-1 1
fe=(60)

fn=(250)
32 1
-2 1
+2 2
-2 3
fi=(141) /build/glibc-OTsEL5/glibc-2.27/string/../sysdeps/x86_64/multiarch/strlen.c
-1 1
fe=(60)

fn=(258)
32 1
-2 1
+2 2
-2 3
fi=(142) /build/glibc-OTsEL5/glibc-2.27/string/../sysdeps/x86_64/multiarch/memchr.c
-1 1
fe=(60)

fn=(212)
32 1
-2 1
+2 2
-2 3
fi=(143) /build/glibc-OTsEL5/glibc-2.27/string/../sysdeps/x86_64/multiarch/rawmemchr.c
+1 1
fe=(60)

fn=(230)
32 2
-2 2
+2 4
-2 6
fi=(144) /build/glibc-OTsEL5/glibc-2.27/string/../sysdeps/x86_64/multiarch/strnlen.c
+1 2
fe=(60)

fl=(115)
fn=(456)
32 4
+3 4
-3 8
+3 56
+1 16
cfi=(116)
cfn=(458)
calls=4 -2 
* 714
* 16
fi=(112)
796 8
+1 32
fe=(115)
39 12

fl=(121) /build/glibc-OTsEL5/glibc-2.27/string/../sysdeps/x86_64/multiarch/strlen-avx2.S
fn=(492) __strlen_avx2
52 2
+1 2
+1 2
+3 2
+1 2
+1 2
+3 1
+1 1
+1 1
+8 1
+19 1
+1 1
+1 1
+1 1
+2 1
+1 1
+1 1
+30 1
+10 1
+1 1
+1 1
+1 1
332 2
+1 2
+1 2
+4 2
+1 2

fl=(122) /build/glibc-OTsEL5/glibc-2.27/io/../sysdeps/unix/sysv/linux/write.c
fn=(508) write
27 3616
+1 452

fl=(127)
fn=(544)
158 108513
+1 36171
+1 36171
+1 36171
+1 36171
+2 36171
+1 36171
+1 36171
+1 36171

fl=(63) /build/glibc-OTsEL5/glibc-2.27/elf/../sysdeps/unix/sysv/linux/dl-vdso.c
fn=(210) _dl_vdso_vsym
25 20
+1 8
+4 8
+18 24
-21 4
+20 4

fl=(110)
fn=(426)
78 32
+6 16
fi=(112)
870 12
+2 8
+1 8
fe=(110)
84 12
cfi=(106)
cfn=(428) _IO_file_stat
calls=4 1169 
* 56
* 8
+2 16
+11 16
+4 8
cob=(2)
cfi=(18)
cfn=(358)
calls=4 0 
* 678
* 4
+2 4
-1 8
+2 16
cfi=(105)
cfn=(432)
calls=4 347 
* 72
+1 4
+1 32
-15 1
fi=(145) /build/glibc-OTsEL5/glibc-2.27/libio/../misc/sys/sysmacros.h
-12 6
fe=(110)
+12 1
-2 2
+5 2

fl=(90)
fn=(330)
65 7
-26 2
+26 1
-26 5
+1 2
cfn=(332) __new_exitfn
calls=1 +44 
* 29
+2 2
+7 2
+3 1
-1 1
+2 1
+1 1
+1 4
+1 1
+11 6

fn=(332)
84 2
-6 2
+1 2
-1 1
+11 5
+2 3
-2 1
+10 2
-10 2
+45 1
+1 1
+4 4
-19 1
+1 2

fl=(119)
fn=(482)
1244 11536
+31 2472
+8 2473
+4 4120
+11 3296
+11 824
fi=(146) /build/glibc-OTsEL5/glibc-2.27/stdio-common/printf-parse.h
108 1648
fe=(119)
1309 2472
fi=(146)
108 824
cfi=(120)
cfn=(486)
calls=824 -63 
* 18120
* 824
fe=(119)
1324 824
fi=(146)
108 824
fe=(119)
1324 4944
+1 10712
+3 824
fi=(147) /build/glibc-OTsEL5/glibc-2.27/stdio-common/../libio/libioP.h
870 2472
+2 824
-2 824
+2 824
-2 824
+3 1648
fe=(119)
1328 4944
cfi=(106)
cfn=(488)
calls=824 1220 
* 68536
* 1648
1696 4120
+1 2472
+3 9888
1283 1646
+45 1648
+4 2472
+4 6592
-57 824
+34 824
-8 824
-59 1648
1378 61890
-3 4126
-5 4126
-4 4126
-1 4126
-1 4126
-1 4126
-1 4126
-1 4126
-1 4126
+15 4126
-16 4126
-1 4126
-1 4126
+14 4126
-4 4126
+8 4126
-1 8252
1696 4944
-36 4126
+2 8252
+8 4126
fi=(146)
108 16504
cfi=(120)
cfn=(486)
calls=4126 -63 
* 86622
* 4126
fe=(119)
1674 4126
fi=(146)
108 4126
fe=(119)
1674 12378
fi=(147)
872 12378
+1 8252
fe=(119)
1674 28882
cfi=(106)
cfn=(488)
calls=4126 1220 
* 376749
* 28882
+2 4126
-2 4126
+2 9076
-33 50
-1 49488
cfi=(123) /build/glibc-OTsEL5/glibc-2.27/stdio-common/_itoa.c
cfn=(510) _itoa_word
calls=4124 168 
* 130088
* 136020
1324 3296
1642 77122
fi=(147)
872 12372
+1 8248
fe=(119)
1642 20620
cfi=(106)
cfn=(488)
calls=4124 1220 
* 294084
* 71714
+1 6
fi=(147)
872 6
+1 4
fe=(119)
1643 14
cfi=(106)
cfn=(488)
calls=2 1220 
* 1911
* 24
-1 20886
+1 9738
-1 65990
+1 10
cfi=(121)
cfn=(492)
calls=2 52 
* 38
* 2
* 2
-1 46746
1534 612
1642 1224
cfi=(105)
cfn=(560)
calls=306 217 
* 15419
* 3198

fl=(77)
fn=(274)
42 2
fi=(62) /build/glibc-OTsEL5/glibc-2.27/time/../sysdeps/generic/dl-hash.h
+2 1
+1 1
fe=(77)
-3 3
fi=(62)
+1 1
+5 3
+14 4
-17 3
+3 9
+14 12
-17 9
+22 1
fe=(77)
-25 6
cfi=(63)
cfn=(210)
calls=1 -17 
* 17
* 5

fl=(58)
fn=(234)
32 5
fi=(71) /build/glibc-OTsEL5/glibc-2.27/string/../sysdeps/x86_64/multiarch/strncase.c
-1 1
fe=(58)

fn=(198)
32 5
fi=(59) /build/glibc-OTsEL5/glibc-2.27/string/../sysdeps/x86_64/multiarch/strcasecmp.c
-1 1
fe=(58)

fn=(254)
32 5
fi=(75) /build/glibc-OTsEL5/glibc-2.27/string/../sysdeps/x86_64/multiarch/strcasecmp_l.c
-1 1
fe=(58)

fn=(270)
32 5
fi=(76) /build/glibc-OTsEL5/glibc-2.27/string/../sysdeps/x86_64/multiarch/strncase_l.c
-1 1
fe=(58)

fl=(102) /build/glibc-OTsEL5/glibc-2.27/malloc/morecore.c
fn=(396) __default_morecore
46 2
+1 2
cfi=(103)
cfn=(398)
calls=2 -15 
* 72
+2 6
+3 4

fl=(106)
fn=(488)
1220 36312
+7 9078
-7 27234
+6 45384
+7 45380
+17 13572
+1 4513
+3 26302
+4 8638
+2 25914
-1 8638
+1 8638
-2 8638
cfi=(114)
cfn=(502)
calls=8638 204 
* 149938
* 8638
-4 427
+4 427
+2 1281
-1 427
+1 427
-2 427
cfi=(114)
cfn=(502)
calls=427 204 
* 7672
* 427
* 9065
+4 18130
+18 17248
+10 81702
-40 11
+16 11
fi=(112)
870 33
+2 22
+1 22
fe=(106)
1266 441
fi=(112)
870 1323
+2 882
+1 882
fe=(106)
1266 1356
cfn=(494)
calls=452 747 
* 58233
* 904
+6 904
+1 3164
+2 904
+11 1356
+1 156
cfi=(105)
cfn=(498)
calls=39 392 
* 7960
* 117
-52 9104
+1 9104
+3 13656
+2 36653
-2 27431
+4 427
+11 2135

fn=(532) _IO_file_close
1190 6
cfi=(126) /build/glibc-OTsEL5/glibc-2.27/io/../sysdeps/unix/sysv/linux/close.c
cfn=(534) __close_nocancel
calls=3 37 
* 15

fn=(468) _IO_file_seek
1163 8
cfi=(117) /build/glibc-OTsEL5/glibc-2.27/io/../sysdeps/unix/sysv/linux/lseek64.c
cfn=(470) lseek
calls=4 35 
* 20

fn=(438)
478 36870
+6 36870
-14 61450
+17 73740
+13 24580
+20 24580
cfi=(105)
cfn=(440)
calls=12290 164 
* 294960
+11 12290
-5 12290
fi=(112)
872 12290
fe=(106)
526 24580
fi=(112)
872 12290
fe=(106)
527 12290
+2 12290
fi=(112)
873 12290
fe=(106)
528 24580
fi=(112)
873 12290
fe=(106)
531 49160
cfn=(442) _IO_file_read
calls=12290 1153 
* 172060
+2 24580
+16 12290
-9 12290
+9 24580
+1 24576
+1 12288
+1 24576
-1 12288
+1 49152
-1 2
+1 4
-1 2
+1 8

fn=(442)
1153 24584
+3 36876
cfi=(113) /build/glibc-OTsEL5/glibc-2.27/io/../sysdeps/unix/sysv/linux/read.c
cfn=(444) read
calls=12292 27 
* 110628

fn=(460)
923 44
+8 8
+6 32
+3 8
+25 16
1077 44
940 8
+12 8
+46 8
cfi=(105)
cfn=(462)
calls=4 187 
* 160
+5 20
+1 4
+3 6
-1 2
+2 14
+12 4
+4 4
+1 2
-1 4
+2 2
-2 2
+1 2
+1 4
+5 2
fi=(112)
872 4
+1 4
fe=(106)
1031 6
cfn=(468)
calls=2 1163 
* 14
+1 2
-1 2
+1 2
+2 4
+4 2
fi=(112)
872 4
+1 4
fe=(106)
1038 20
cfn=(442)
calls=2 1153 
* 28
+3 4
+8 2
+4 2
-1 2
-3 10
+2 6
+3 4
-44 2
+5 2
-5 4
+3 4
-3 2
+3 2
+2 2
-5 2
+63 2
-63 2
+63 2
+1 2
fi=(112)
870 6
+2 4
+1 4
fe=(106)
1074 6
cfn=(468)
calls=2 +89 
* 14
* 4
fi=(112)
876 6
fe=(106)

fn=(622)
807 4
+5 4
+2 1
+1 2
+15 2
+4 4

fn=(406) _IO_new_file_init_internal
107 6
+4 3
-4 6
+5 3
-1 3
+3 3
cfi=(105)
cfn=(408)
calls=3 -27 
* 258
+1 3
+1 12

fn=(428)
1169 4
+1 12
cfi=(111) /build/glibc-OTsEL5/glibc-2.27/io/../sysdeps/unix/sysv/linux/wordsize-64/fxstat.c
cfn=(430) _fxstat
calls=4 34 
* 40

fn=(506) _IO_file_write@@GLIBC_2.2.5
1196 2712
+2 2712
+5 452
cfi=(122)
cfn=(508)
calls=452 27 
* 4068
+1 904
+5 452
+1 452
-12 904
+5 2260
+10 1356
+3 4068

fn=(618)
389 2
+1 1
cfi=(105)
cfn=(620)
calls=1 +89 
* 68
* 2
+4 2
-1 2
+2 3
+2 1
+1 2

fn=(410) _IO_file_fopen@@GLIBC_2.2.5
214 30
+9 6
+2 14
364 30
234 1
-2 1
+1 1
+15 34
+33 1
-96 1
+1 2
-1 1
+96 2
-96 2
+1 4
-1 2
+4 3
cfi=(107)
cfn=(412)
calls=3 36 
* 86
* 3
+1 6
+3 3
-1 3
+1 6
+3 6
-3 3
+3 3
+10 6
cfi=(105)
cfn=(408)
calls=3 87 
* 48
+81 9
cfi=(108)
cfn=(414)
calls=3 53 
* 75
+1 3
-1 3
+1 3
-40 22
-19 2
-1 2
-13 4
+73 6

fn=(422)
1295 40
+7 8
+11 8
+2 8
+1 4
-1 4
+1 8
fi=(112)
870 8
fe=(106)
1332 4
+9 6
+1 8
-29 4
+2 6
+1 4
+8 4
+59 36
-39 4
cfi=(105)
cfn=(436)
calls=2 288 
* 250
* 4
-39 6
+5 4
cfi=(105)
cfn=(424)
calls=2 362 
* 642
* 2
+8 12
cfi=(114)
cfn=(448) __memcpy_avx_unaligned_erms
calls=4 217 
* 44
* 4
+1 8

fn=(496) _IO_do_write@@GLIBC_2.2.5
433 1362
+1 2
-3 7232
+11 904
+7 1808
fi=(112)
873 904
fe=(106)
457 1808
cfn=(506)
calls=452 1196 
* 20340
* 452
+1 2260
+6 452
-4 452
+4 452
-4 1356
+1 904
+3 477
-2 25
-29 100
+1 200
+28 427
-29 1708
+1 3416
+29 929

fn=(528) _IO_file_close_it@@GLIBC_2.2.5
129 9
+2 9
+4 3
+3 6
-3 3
-1 6
+6 3
+3 3
-3 3
cfi=(105)
cfn=(530)
calls=3 1019 
* 18
+3 9
fi=(112)
870 9
+2 6
+1 6
fe=(106)
143 6
cfn=(532)
calls=3 1190 
* 21
* 3
+3 9
+8 15
cfi=(105)
cfn=(432)
calls=3 347 
* 300
+1 6
+3 3
-3 3
+1 9
+2 3
cfi=(105)
cfn=(526)
calls=3 53 
* 45
+5 3
-4 3
+1 3
+1 3
+2 3
+1 15
-28 7
cfn=(496)
calls=1 433 
* 108
* 2

fn=(494)
747 2628
+7 876
-8 5256
+8 3498
+35 1750
+3 848
+3 1272
+1 1272
+1 2118
+5 1696
-45 4
+12 4
+9 8
+8 2
-4 2
+3 4
-2 4
-3 2
+1 4
+5 2
-1 2
+1 6
+3 1
-2 1
+2 1
+1 452
+1 452
+11 1356
-12 452
cfn=(496)
calls=452 433 
* 47754
+3 10
cfn=(496)
calls=1 433 
* 108
* 3
-34 4
cfi=(105)
cfn=(424)
calls=2 362 
* 480
+1 12

fn=(538) _IO_file_finish@@GLIBC_2.2.5
169 12
+1 6
+7 3
-1 6
+1 6
-1 3
cfi=(105)
cfn=(540)
calls=3 628 
* 75

fl=(73)
fn=(244)
32 4
-2 2
+2 4
-2 4
+5 2
-1 8
fi=(148) /build/glibc-OTsEL5/glibc-2.27/wcsmbs/../sysdeps/x86_64/multiarch/wmemset.c
-3 2
fe=(73)

fl=(95)
fn=(390)
2986 1
-9 1
+9 9
+1 3
cfn=(392)
calls=1 3521 
* 389
+1 1
-1 1
+1 1
+8 4
+7 2
+2 1
+1 2
-1 1
+1 78
+3 2

fn=(394) sysmalloc
2274 8
+20 1
+11 1
-11 1
+11 1
+1 4
fi=(97)
535 1
fe=(95)
2321 2
fi=(97)
535 1
fe=(95)
2321 2
+66 1
+1 3
+10 1
-9 1
+9 3
+6 4
+3 3
2724 2
+1 1
+5 2
+3 2
+5 1
-3 1
+3 1
-2 1
+2 3
+1 1
-1 1
-1 1
+4 1
-3 2
+1 1
+2 1
+6 9
2460 3
+19 2
-11 1
+11 1
-11 1
+21 4
cfi=(102)
cfn=(396)
calls=1 46 
* 61
* 1
+1 1
+3 3
+3 4
+1 2
+46 2
+2 2
+6 1
-6 1
+6 1
-82 1
+10 2
+8 1
-8 1
+8 1
+67 4
+34 2
+6 3
+22 2
+1 5
+2 1
-2 1
+2 1
+1 4
cfi=(102)
cfn=(396)
calls=1 46 
* 25
+12 3
+48 1
+1 1
-2 1
+1 2
+12 1
-12 1
+1 1
+11 1
2544 2
-3 3
+99 2
+1 4

fn=(466)
3086 110
+5 20
+1 20
+6 20
+5 6
-2 6
+2 12
+18 18
+2 18
4149 12
+6 24
+1 12
+4 24
+9 18
-2 12
+3 12
+1 24
3125 110
2929 18
+3 6
-2 12
+1 6
+1 12

fn=(392)
3521 36
+32 6
-32 6
+32 54
+4 36
+24 12
4131 54
3639 13
+62 31
+1 3
+20 6
-1 12
+1 6
-1 6
+1 12
-2 25
+6 15
+66 5
-40 10
3879 5
3731 5
+1 5
+20 10
+40 10
-60 10
-12 1
+6 3
+66 1
-40 2
3879 1
3731 1
+1 1
+20 2
+40 2
-60 2
-90 15
+2 5
-2 5
+2 10
+59 100
-62 65
3904 12
+2 4
+3 1
-3 1
+3 2
+68 12
+1 12
+1 12
+1 12
+1 12
+5 12
3720 2
3893 12
+97 18
+3 24
-3 18
+3 20
-3 10
4090 6
+3 6
-2 12
+2 13
+17 3
1887 5
4103 5
1887 10
4125 3
cfn=(394)
calls=1 2274 
* 237
+1 1
-1 1
+1 1
1887 3
4095 5
+3 10
-3 5
+1 5
+2 15
+2 5
-2 10
-1 5
+1 10
+2 10

fn=(360)
3028 21
+5 14
+1 14
+5 42
+3 6
-2 18
+2 18
+3 12
+10 16
+2 12
cfn=(392)
calls=4 3521 
* 641
+1 4
-1 4
+1 24
-19 24
+8 6
+1 18
2941 4
+2 4
+1 2
3081 30
-46 1
+46 3
-46 1
cfi=(96)
cfn=(362)
calls=1 29 
* 63350

fl=(86)
fn=(316)
488 7
+14 6
758 2
+2 1
+1 1
+2 1
-3 1
+5 1
-5 1
+4 3
+4 2
+3 2
+2 1
+1 1
+2 1
-3 1
+5 1
-5 1
+4 3
+9 1
+2 8
-2 1
+3 8
500 1
+4 1
-4 1
+4 1
cfn=(318) handle_intel.constprop.1
calls=1 259 
* 469
+2 1
-2 1
+2 1
cfn=(318)
calls=1 259 
* 515
+5 1
-5 1
+5 1
cfn=(318)
calls=1 259 
* 542
+8 1
-8 1
+8 1
+11 1
-20 1
+25 3
+4 2
+8 6
+3 2
+9 6
+14 2
+4 1
+3 1
+1 1
-4 1
+3 1
-3 1
+3 1
+6 8
-39 3
+3 9
+6 6
-6 3
+6 2
+3 20
+5 2
+4 1
+1 1
-1 3
691 4
+1 5
+4 2
+59 2
592 2
+8 1
+2 1
-2 6
+2 4
-2 1
+4 1
+23 2
-25 2
+2 6
+2 6
+3 2
+1 8
+2 4
+3 2
+5 1
+2 2
+1 1
-1 1
+2 1
-2 1
+1 2
+27 2
+1 1
+1 2
+2 1
-1 1
+1 1
-24 3
+4 2
+3 1
+2 4
+1 1
+5 2

fn=(320) intel_check_word.isra.0
132 12
+6 6
-10 18
+10 6
-10 6
+10 6
-10 6
+10 12
-10 6
+10 6
+2 6
-2 6
+2 18
250 12
140 24
+2 15
+2 30
+8 30
+51 24
+22 12
fi=(87) /build/glibc-OTsEL5/glibc-2.27/string/../bits/stdlib-bsearch.h
28 12
-1 24
+4 24
+1 12
fe=(86)
+87 24
fi=(87)
-88 138
+1 69
fe=(86)
+87 138
+3 81
fi=(87)
-93 252
+8 15
-8 36
fe=(86)
134 3
255 36
-91 9
+3 9
-6 13
+3 4
+9 4
+5 14
+1 10
+17 5
-32 15
+3 15
+4 14
+2 28
+2 14
+2 8
+4 3
+2 6
+2 3
+2 3
-2 3
+2 6
-2 3
+3 9
-2 12
+2 6
-24 2
+7 2
+2 4

fn=(318)
259 21
+2 3
-2 9
+5 9
+8 3
+1 3
-3 3
+5 12
+6 6
+5 3
-5 9
+5 3
+2 3
+1 3
-1 3
+5 18
cfn=(320)
calls=3 132 
* 1035
+2 6
+3 21
cfn=(320)
calls=3 132 
* 314
+2 6
+19 33

fl=(134)
fn=(580)
28 8
+8 2
-8 6
+11 4
+82 12

fl=(69)
fn=(226)
42 10
+4 4
-1 8
+12 4
+2 10

fl=(64)
fn=(214)
32 2
-2 2
+2 4
-2 6
fi=(149) /build/glibc-OTsEL5/glibc-2.27/wcsmbs/../sysdeps/x86_64/multiarch/wmemchr.c
+1 2
fe=(64)

fn=(228)
32 2
-2 2
+2 4
-2 6
fi=(150) /build/glibc-OTsEL5/glibc-2.27/wcsmbs/../sysdeps/x86_64/multiarch/wcschr.c
+1 2
fe=(64)

fn=(260)
32 1
-2 1
+2 2
-2 3
fi=(151) /build/glibc-OTsEL5/glibc-2.27/wcsmbs/../sysdeps/x86_64/multiarch/wcslen.c
-1 1
fe=(64)

fl=(67)
fn=(222)
38 4
+1 3
+9 1

fl=(74)
fn=(248)
40 2
-2 1
+2 2
-2 2
+11 1

fl=(114)
fn=(502)
204 9066
+1 9066
+1 9066
+13 9066
+1 9066
+1 1
+1 1
+3 1
+1 1
+1 1
+1 1
+2 1
+1 1
+33 9065
+1 9065
+2 9063
+1 9063
+1 9063
+1 9063
+1 7272
+1 7272
+1 1967
+1 1967
+1 1967
+2 1967
+14 2
+1 2
+1 2
+1 2
+1 2
+11 1791
+1 1791
+1 1791
+1 1791
+1 1791
+3 5305
+1 5305
+1 5305
+1 5305
+1 5305

fn=(448)
217 4
+2 4
+1 4
+44 4
+1 4
+2 2
+1 2
+23 2
+1 2
+1 2
+1 2
+1 2
+4 2
+1 2
+1 2
+1 2
+1 2

fl=(94)
fn=(356)
88 15
-23 3
+23 6
-23 3
cob=(2)
cfi=(18)
cfn=(358)
calls=3 -65 
* 63618
+2 9
+3 3
+2 12
-2 3
+2 9
cfi=(105)
cfn=(402)
calls=3 590 
* 180
+1 3
+1 3
-1 3
+1 3
cfi=(106)
cfn=(406)
calls=3 +33 
* 297
+4 15
cfi=(106)
cfn=(410)
calls=3 214 
* 437
* 6
-41 6
+53 21

fl=(93) /build/glibc-OTsEL5/glibc-2.27/setjmp/sigjmp.c
fn=(350) __sigjmp_save
29 1
-1 2
+1 2
+5 3

fl=(80)
fn=(302)
52 8
+3 3
+14 1
fi=(81) /build/glibc-OTsEL5/glibc-2.27/csu/../sysdeps/generic/dl-hash.h
-25 1
fe=(80)
+23 1
+1 1
fi=(81)
-23 1
fe=(80)
+24 1
fi=(82) /build/glibc-OTsEL5/glibc-2.27/csu/../sysdeps/unix/sysv/linux/x86_64/init-first.c
-33 4
fi=(81)
+7 1
+5 3
+14 4
-17 3
+3 9
+14 12
-17 9
+22 1
fi=(82)
-31 2
+2 2
-2 1
+2 2
cfi=(63)
cfn=(210)
calls=1 -13 
* 17
+2 1
+4 1
-4 1
+4 1
-4 1
+1 2
+1 1
+2 1
cfi=(63)
cfn=(210)
calls=1 -19 
* 17
fe=(80)
+37 3
fi=(82)
-36 2
+1 1
fe=(80)
+35 1
cfi=(83)
cfn=(308)
calls=1 -50 
* 58
+3 1
cfi=(85)
cfn=(314)
calls=1 -53 
* 16
+5 6
-27 1
-7 1
+7 4

fl=(61)
fn=(206)
43 2
fi=(62)
+1 1
+1 1
fe=(61)
-2 4
fi=(62)
+5 3
+14 4
-17 3
+3 9
+14 12
-17 9
+22 1
fe=(61)
-24 6
cfi=(63)
cfn=(210)
calls=1 -18 
* 17
* 5

fl=(65)
fn=(218)
33 5
-1 2
+2 2
+1 3
fi=(66) /build/glibc-OTsEL5/glibc-2.27/string/../sysdeps/x86_64/multiarch/memcmp.c
-6 1
fe=(65)

fl=(56)
fn=(216)
44 5
+4 2
-1 2
+12 2
+2 5

fn=(240)
44 5
+4 2
-1 2
+12 2
+2 5

fn=(194)
44 10
+4 4
-1 4
+12 4
+2 10

fl=(125)
fn=(524)
34 9
+14 3
-14 3
+14 6
fi=(112)
796 6
+1 9
fe=(125)
57 3
fi=(112)
870 9
+2 6
+1 6
fe=(125)
57 9
cfi=(106)
cfn=(538)
calls=3 169 
* 111
+1 9
+13 6
+3 18
+3 6
cob=(2)
cfi=(18)
cfn=(464)
calls=3 -77 
* 213
+4 15
-32 3
cfi=(105)
cfn=(526)
calls=3 +4 
* 290
+2 57
+1 6
+1 6
cfi=(106)
cfn=(528)
calls=3 +76 
* 663
* 12
fi=(112)
797 18
fe=(125)

fl=(124)
fn=(514)
34 6291456
+3 6291456
-3 6291456
+3 6291456
+1 37711872
+5 18849792
-5 12288
cfi=(105)
cfn=(518)
calls=12288 318 
* 1867776

fl=(91)
fn=(346)
30 1
+2 1
cfi=(92) /build/glibc-OTsEL5/glibc-2.27/setjmp/../sysdeps/x86_64/setjmp.S
cfn=(348) __sigsetjmp
calls=1 -6 
* 27

fl=(113)
fn=(444)
27 98336
+1 12292

fl=(111)
fn=(430)
34 4
-1 4
+1 4
+1 24
+4 4

fl=(92)
fn=(348)
26 1
+9 1
+1 2
+1 1
+4 1
+1 1
+1 1
+1 1
+1 1
+2 2
+2 1
+1 1
+1 1
+2 2
+2 1
+8 1
cfi=(93)
cfn=(350)
calls=1 -34 
* 8

fl=(131)
fn=(566)
145 3
+1 4
+18 4

fl=(72)
fn=(242)
40 1
-2 1
+2 2
-2 2
+11 1

fl=(126)
fn=(534)
37 12
+1 3

fl=(70)
fn=(262)
30 5
fi=(152) /build/glibc-OTsEL5/glibc-2.27/string/../sysdeps/x86_64/multiarch/strspn.c
-1 1
fe=(70)

fn=(246)
30 5
fi=(153) /build/glibc-OTsEL5/glibc-2.27/string/../sysdeps/x86_64/multiarch/strpbrk.c
-1 1
fe=(70)

fn=(232)
30 5
fi=(154) /build/glibc-OTsEL5/glibc-2.27/string/../sysdeps/x86_64/multiarch/strcspn.c
-1 1
fe=(70)

fl=(117)
fn=(470)
35 16
+2 4

fl=(123)
fn=(510)
168 16496
+2 8248
+9 97096
+9 8248

fl=(57)
fn=(196)
33 4
+3 4
fi=(155) /build/glibc-OTsEL5/glibc-2.27/string/../sysdeps/x86_64/multiarch/strncpy.c
-7 1
fe=(57)

fn=(266)
33 4
+3 4
fi=(156) /build/glibc-OTsEL5/glibc-2.27/string/../sysdeps/x86_64/multiarch/stpcpy.c
-3 1
fe=(57)

fn=(238)
33 4
+3 4
fi=(157) /build/glibc-OTsEL5/glibc-2.27/string/../sysdeps/x86_64/multiarch/strcpy.c
-7 1
fe=(57)

fn=(264)
33 4
+3 4
fi=(158) /build/glibc-OTsEL5/glibc-2.27/string/../sysdeps/x86_64/multiarch/stpncpy.c
-5 1
fe=(57)

fn=(202)
33 4
+3 4
fi=(159) /build/glibc-OTsEL5/glibc-2.27/string/../sysdeps/x86_64/multiarch/strcat.c
-7 1
fe=(57)

ob=(4)
fl=(79)
fn=(592)
0 8
cob=(2)
cfi=(18)
cfn=(598)
calls=1 0 
0 75
0 1
cfn=(602) 0x0000000000000570
calls=1 0 
0 8
0 3

fn=(602)
0 8

fn=(296)
0 17

totals: 246642408
